{"/home/usuario/pract06/src/ejercicio-1/Combat.ts":{"path":"/home/usuario/pract06/src/ejercicio-1/Combat.ts","statementMap":{"0":{"start":{"line":2,"column":0},"end":{"line":2,"column":62}},"1":{"start":{"line":3,"column":0},"end":{"line":3,"column":24}},"2":{"start":{"line":14,"column":8},"end":{"line":14,"column":33}},"3":{"start":{"line":15,"column":8},"end":{"line":15,"column":33}},"4":{"start":{"line":22,"column":8},"end":{"line":22,"column":29}},"5":{"start":{"line":29,"column":8},"end":{"line":29,"column":29}},"6":{"start":{"line":35,"column":8},"end":{"line":35,"column":80}},"7":{"start":{"line":36,"column":8},"end":{"line":36,"column":44}},"8":{"start":{"line":37,"column":8},"end":{"line":37,"column":24}},"9":{"start":{"line":38,"column":19},"end":{"line":38,"column":20}},"10":{"start":{"line":39,"column":8},"end":{"line":52,"column":9}},"11":{"start":{"line":40,"column":12},"end":{"line":40,"column":105}},"12":{"start":{"line":41,"column":12},"end":{"line":41,"column":97}},"13":{"start":{"line":42,"column":12},"end":{"line":42,"column":38}},"14":{"start":{"line":43,"column":12},"end":{"line":43,"column":28}},"15":{"start":{"line":44,"column":12},"end":{"line":44,"column":19}},"16":{"start":{"line":45,"column":12},"end":{"line":51,"column":13}},"17":{"start":{"line":46,"column":16},"end":{"line":46,"column":109}},"18":{"start":{"line":47,"column":16},"end":{"line":47,"column":101}},"19":{"start":{"line":48,"column":16},"end":{"line":48,"column":42}},"20":{"start":{"line":49,"column":16},"end":{"line":49,"column":32}},"21":{"start":{"line":50,"column":16},"end":{"line":50,"column":23}},"22":{"start":{"line":53,"column":8},"end":{"line":58,"column":9}},"23":{"start":{"line":54,"column":12},"end":{"line":54,"column":59}},"24":{"start":{"line":57,"column":12},"end":{"line":57,"column":59}},"25":{"start":{"line":67,"column":25},"end":{"line":67,"column":26}},"26":{"start":{"line":68,"column":8},"end":{"line":90,"column":9}},"27":{"start":{"line":74,"column":16},"end":{"line":74,"column":31}},"28":{"start":{"line":75,"column":16},"end":{"line":75,"column":22}},"29":{"start":{"line":86,"column":16},"end":{"line":86,"column":31}},"30":{"start":{"line":87,"column":16},"end":{"line":87,"column":22}},"31":{"start":{"line":89,"column":16},"end":{"line":89,"column":33}},"32":{"start":{"line":91,"column":8},"end":{"line":91,"column":80}},"33":{"start":{"line":97,"column":8},"end":{"line":102,"column":9}},"34":{"start":{"line":98,"column":12},"end":{"line":98,"column":60}},"35":{"start":{"line":101,"column":12},"end":{"line":101,"column":96}},"36":{"start":{"line":103,"column":8},"end":{"line":108,"column":9}},"37":{"start":{"line":104,"column":12},"end":{"line":104,"column":62}},"38":{"start":{"line":107,"column":12},"end":{"line":107,"column":98}},"39":{"start":{"line":111,"column":0},"end":{"line":111,"column":24}}},"fnMap":{"0":{"name":"(anonymous_0)","decl":{"start":{"line":13,"column":4},"end":{"line":13,"column":5}},"loc":{"start":{"line":13,"column":36},"end":{"line":16,"column":5}},"line":13},"1":{"name":"(anonymous_1)","decl":{"start":{"line":21,"column":4},"end":{"line":21,"column":5}},"loc":{"start":{"line":21,"column":18},"end":{"line":23,"column":5}},"line":21},"2":{"name":"(anonymous_2)","decl":{"start":{"line":28,"column":4},"end":{"line":28,"column":5}},"loc":{"start":{"line":28,"column":18},"end":{"line":30,"column":5}},"line":28},"3":{"name":"(anonymous_3)","decl":{"start":{"line":34,"column":4},"end":{"line":34,"column":5}},"loc":{"start":{"line":34,"column":12},"end":{"line":59,"column":5}},"line":34},"4":{"name":"(anonymous_4)","decl":{"start":{"line":66,"column":4},"end":{"line":66,"column":5}},"loc":{"start":{"line":66,"column":37},"end":{"line":92,"column":5}},"line":66},"5":{"name":"(anonymous_5)","decl":{"start":{"line":96,"column":4},"end":{"line":96,"column":5}},"loc":{"start":{"line":96,"column":15},"end":{"line":109,"column":5}},"line":96}},"branchMap":{"0":{"loc":{"start":{"line":39,"column":15},"end":{"line":39,"column":73}},"type":"binary-expr","locations":[{"start":{"line":39,"column":16},"end":{"line":39,"column":41}},{"start":{"line":39,"column":47},"end":{"line":39,"column":72}}],"line":39},"1":{"loc":{"start":{"line":45,"column":12},"end":{"line":51,"column":13}},"type":"if","locations":[{"start":{"line":45,"column":12},"end":{"line":51,"column":13}},{"start":{"line":45,"column":12},"end":{"line":51,"column":13}}],"line":45},"2":{"loc":{"start":{"line":53,"column":8},"end":{"line":58,"column":9}},"type":"if","locations":[{"start":{"line":53,"column":8},"end":{"line":58,"column":9}},{"start":{"line":53,"column":8},"end":{"line":58,"column":9}}],"line":53},"3":{"loc":{"start":{"line":68,"column":8},"end":{"line":90,"column":9}},"type":"switch","locations":[{"start":{"line":69,"column":12},"end":{"line":69,"column":36}},{"start":{"line":70,"column":12},"end":{"line":70,"column":31}},{"start":{"line":71,"column":12},"end":{"line":71,"column":33}},{"start":{"line":72,"column":12},"end":{"line":72,"column":41}},{"start":{"line":73,"column":12},"end":{"line":75,"column":22}},{"start":{"line":76,"column":12},"end":{"line":76,"column":32}},{"start":{"line":77,"column":12},"end":{"line":77,"column":38}},{"start":{"line":78,"column":12},"end":{"line":78,"column":37}},{"start":{"line":79,"column":12},"end":{"line":79,"column":39}},{"start":{"line":80,"column":12},"end":{"line":80,"column":35}},{"start":{"line":81,"column":12},"end":{"line":81,"column":32}},{"start":{"line":82,"column":12},"end":{"line":82,"column":38}},{"start":{"line":83,"column":12},"end":{"line":83,"column":37}},{"start":{"line":84,"column":12},"end":{"line":84,"column":39}},{"start":{"line":85,"column":12},"end":{"line":87,"column":22}},{"start":{"line":88,"column":12},"end":{"line":89,"column":33}}],"line":68},"4":{"loc":{"start":{"line":97,"column":8},"end":{"line":102,"column":9}},"type":"if","locations":[{"start":{"line":97,"column":8},"end":{"line":102,"column":9}},{"start":{"line":97,"column":8},"end":{"line":102,"column":9}}],"line":97},"5":{"loc":{"start":{"line":103,"column":8},"end":{"line":108,"column":9}},"type":"if","locations":[{"start":{"line":103,"column":8},"end":{"line":108,"column":9}},{"start":{"line":103,"column":8},"end":{"line":108,"column":9}}],"line":103}},"s":{"0":1,"1":1,"2":12,"3":12,"4":1,"5":1,"6":11,"7":11,"8":11,"9":11,"10":11,"11":13,"12":13,"13":13,"14":13,"15":13,"16":13,"17":7,"18":7,"19":7,"20":7,"21":7,"22":11,"23":6,"24":5,"25":20,"26":20,"27":4,"28":4,"29":8,"30":8,"31":8,"32":20,"33":31,"34":5,"35":26,"36":31,"37":6,"38":25,"39":1},"f":{"0":12,"1":1,"2":1,"3":11,"4":20,"5":31},"b":{"0":[24,19],"1":[7,6],"2":[6,5],"3":[1,2,4,4,4,1,2,3,3,3,4,6,8,8,8,8],"4":[5,26],"5":[6,25]},"inputSourceMap":{"version":3,"file":"/home/usuario/pract06/src/ejercicio-1/Combat.ts","sources":["/home/usuario/pract06/src/ejercicio-1/Combat.ts"],"names":[],"mappings":";;;AAEA;;GAEG;AACH,MAAa,MAAM;IACjB;;;;OAIG;IACH,YAA6B,QAAiB,EACzB,QAAiB;QADT,aAAQ,GAAR,QAAQ,CAAS;QACzB,aAAQ,GAAR,QAAQ,CAAS;IACtC,CAAC;IACD;;;OAGG;IACH,WAAW;QACT,OAAO,IAAI,CAAC,QAAQ,CAAC;IACvB,CAAC;IACD;;;OAGG;IACH,WAAW;QACT,OAAO,IAAI,CAAC,QAAQ,CAAC;IACvB,CAAC;IACD;;OAEG;IACH,KAAK;QACH,OAAO,CAAC,GAAG,CAAC,GAAG,IAAI,CAAC,QAAQ,CAAC,OAAO,EAAE,OAAO,IAAI,CAAC,QAAQ,CAAC,OAAO,EAAE,EAAE,CAAC,CAAC;QACxE,OAAO,CAAC,GAAG,CAAC,sBAAsB,CAAC,CAAC;QACpC,IAAI,CAAC,QAAQ,EAAE,CAAC;QAChB,IAAI,IAAI,GAAG,CAAC,CAAC;QACb,OAAO,CAAC,IAAI,CAAC,QAAQ,CAAC,KAAK,EAAE,GAAG,CAAC,CAAC,IAAI,CAAC,IAAI,CAAC,QAAQ,CAAC,KAAK,EAAE,GAAG,CAAC,CAAC,EAAE;YACjE,IAAI,CAAC,QAAQ,CAAC,KAAK,CAAC,IAAI,CAAC,QAAQ,CAAC,KAAK,EAAE,GAAG,IAAI,CAAC,YAAY,CAAC,IAAI,CAAC,QAAQ,EAAE,IAAI,CAAC,QAAQ,CAAC,CAAC,CAAC;YAC7F,OAAO,CAAC,GAAG,CAAC,QAAQ,IAAI,KAAK,IAAI,CAAC,QAAQ,CAAC,OAAO,EAAE,MAAM,IAAI,CAAC,QAAQ,CAAC,OAAO,EAAE,EAAE,CAAC,CAAC;YACrF,IAAI,CAAC,QAAQ,CAAC,SAAS,EAAE,CAAC;YAC1B,IAAI,CAAC,QAAQ,EAAE,CAAC;YAChB,IAAI,EAAG,CAAC;YACR,IAAI,IAAI,CAAC,QAAQ,CAAC,KAAK,EAAE,GAAG,CAAC,EAAE;gBAC7B,IAAI,CAAC,QAAQ,CAAC,KAAK,CAAC,IAAI,CAAC,QAAQ,CAAC,KAAK,EAAE,GAAG,IAAI,CAAC,YAAY,CAAC,IAAI,CAAC,QAAQ,EAAE,IAAI,CAAC,QAAQ,CAAC,CAAC,CAAC;gBAC7F,OAAO,CAAC,GAAG,CAAC,QAAQ,IAAI,KAAK,IAAI,CAAC,QAAQ,CAAC,OAAO,EAAE,MAAM,IAAI,CAAC,QAAQ,CAAC,OAAO,EAAE,EAAE,CAAC,CAAC;gBACrF,IAAI,CAAC,QAAQ,CAAC,SAAS,EAAE,CAAC;gBAC1B,IAAI,CAAC,QAAQ,EAAE,CAAC;gBAChB,IAAI,EAAG,CAAC;aACT;SACF;QACD,IAAI,IAAI,CAAC,QAAQ,CAAC,KAAK,EAAE,GAAG,CAAC,EAAE;YAC7B,OAAO,CAAC,GAAG,CAAC,GAAG,IAAI,CAAC,QAAQ,CAAC,OAAO,EAAE,OAAO,CAAC,CAAC;SAChD;aAAM;YACL,OAAO,CAAC,GAAG,CAAC,GAAG,IAAI,CAAC,QAAQ,CAAC,OAAO,EAAE,OAAO,CAAC,CAAC;SAChD;IACH,CAAC;IAED;;;;;OAKG;IACH,YAAY,CAAC,QAAiB,EAAE,QAAiB;QAC/C,IAAI,UAAU,GAAW,CAAC,CAAC;QAC3B,QAAQ,QAAQ,CAAC,WAAW,EAAE,GAAG,GAAG,GAAG,QAAQ,CAAC,WAAW,EAAE,EAAE;YAC7D,KAAK,CAAC,gBAAgB,CAAC,CAAC;YACxB,KAAK,CAAC,WAAW,CAAC,CAAC;YACnB,KAAK,CAAC,aAAa,CAAC,CAAC;YACrB,KAAK,CAAC,qBAAqB,CAAC,CAAC;YAC7B,KAAK,CAAC,oBAAoB,CAAC;gBACzB,UAAU,GAAG,CAAC,CAAC;gBACf,MAAM;YACR,KAAK,CAAC,YAAY,CAAC,CAAC;YACpB,KAAK,CAAC,kBAAkB,CAAC,CAAC;YAC1B,KAAK,CAAC,iBAAiB,CAAC,CAAC;YACzB,KAAK,CAAC,mBAAmB,CAAC,CAAC;YAC3B,KAAK,CAAC,eAAe,CAAC,CAAC;YACvB,KAAK,CAAC,YAAY,CAAC,CAAC;YACpB,KAAK,CAAC,kBAAkB,CAAC,CAAC;YAC1B,KAAK,CAAC,iBAAiB,CAAC,CAAC;YACzB,KAAK,CAAC,mBAAmB,CAAC,CAAC;YAC3B,KAAK,CAAC,eAAe,CAAC;gBACpB,UAAU,GAAG,CAAC,CAAC;gBACf,MAAM;YACR;gBACE,UAAU,GAAG,GAAG,CAAC;SACpB;QACD,OAAO,EAAE,GAAG,CAAC,QAAQ,CAAC,SAAS,EAAE,GAAG,QAAQ,CAAC,UAAU,EAAE,CAAC,GAAG,UAAU,CAAC;IAC1E,CAAC;IAED;;OAEG;IACH,QAAQ;QACN,IAAI,IAAI,CAAC,QAAQ,CAAC,KAAK,EAAE,GAAG,CAAC,EAAE;YAC7B,OAAO,CAAC,GAAG,CAAC,GAAG,IAAI,CAAC,QAAQ,CAAC,OAAO,EAAE,QAAQ,CAAC,CAAC;SACjD;aAAM;YACL,OAAO,CAAC,GAAG,CAAC,GAAG,IAAI,CAAC,QAAQ,CAAC,OAAO,EAAE,KAAK,CAAC,IAAI,CAAC,QAAQ,CAAC,KAAK,EAAE,CAAC,CAAC,OAAO,CAAC,CAAC,CAAC,KAAK,CAAC,CAAC;SACrF;QACD,IAAI,IAAI,CAAC,QAAQ,CAAC,KAAK,EAAE,GAAG,CAAC,EAAE;YAC7B,OAAO,CAAC,GAAG,CAAC,GAAG,IAAI,CAAC,QAAQ,CAAC,OAAO,EAAE,UAAU,CAAC,CAAC;SACnD;aAAM;YACL,OAAO,CAAC,GAAG,CAAC,GAAG,IAAI,CAAC,QAAQ,CAAC,OAAO,EAAE,KAAK,CAAC,IAAI,CAAC,QAAQ,CAAC,KAAK,EAAE,CAAC,CAAC,OAAO,CAAC,CAAC,CAAC,OAAO,CAAC,CAAC;SACvF;IACH,CAAC;CACF;AArGD,wBAqGC","sourcesContent":["import {Fighter} from './Fighter';\n\n/**\n * Class to represent a combat.\n */\nexport class Combat {\n  /**\n   * Constructor for the class `Combat`.\n   * @param fighter1 First opponent.\n   * @param fighter2 Second opponent.\n   */\n  constructor(private readonly fighter1: Fighter,\n      private readonly fighter2: Fighter) {\n  }\n  /**\n   * Getter for the attribute `fighter1`.\n   * @returns Returns the attribute `fighter1`.\n   */\n  getFighter1(): Fighter {\n    return this.fighter1;\n  }\n  /**\n   * Getter for the attribute `fighter2`.\n   * @returns Returns the attribute `fighter2`.\n   */\n  getFighter2(): Fighter {\n    return this.fighter2;\n  }\n  /**\n   * Starts a combat.\n   */\n  start(): void {\n    console.log(`${this.fighter1.getName()} VS ${this.fighter2.getName()}`);\n    console.log('====================');\n    this.printHPs();\n    let turn = 1;\n    while ((this.fighter1.getHP() > 0) && (this.fighter2.getHP() > 0)) {\n      this.fighter2.setHP(this.fighter2.getHP() - this.attackDamage(this.fighter1, this.fighter2));\n      console.log(`TURN ${turn}: ${this.fighter1.getName()} > ${this.fighter2.getName()}`);\n      this.fighter1.sayPhrase();\n      this.printHPs();\n      turn ++;\n      if (this.fighter2.getHP() > 0) {\n        this.fighter1.setHP(this.fighter1.getHP() - this.attackDamage(this.fighter2, this.fighter1));\n        console.log(`TURN ${turn}: ${this.fighter2.getName()} > ${this.fighter1.getName()}`);\n        this.fighter2.sayPhrase();\n        this.printHPs();\n        turn ++;\n      }\n    }\n    if (this.fighter1.getHP() > 0) {\n      console.log(`${this.fighter1.getName()} WINS`);\n    } else {\n      console.log(`${this.fighter2.getName()} WINS`);\n    }\n  }\n\n  /**\n   * Calculates the damage of a attack.\n   * @param attacker Attacking fighter.\n   * @param defender Defender fighter.\n   * @returns Returns damage caused to `defender` by `attacker`.\n   */\n  attackDamage(attacker: Fighter, defender: Fighter): number {\n    let efectivity: number = 0;\n    switch (attacker.getUniverse() + '-' + defender.getUniverse()) {\n      case ('Pokemon-Marvel'):\n      case ('Marvel-DC'):\n      case ('DC-StarWars'):\n      case ('StarWars-DragonBall'):\n      case ('DragonBall-Pokemon'):\n        efectivity = 2;\n        break;\n      case ('Pokemon-DC'):\n      case ('Pokemon-StarWars'):\n      case ('Marvel-StarWars'):\n      case ('Marvel-DragonBall'):\n      case ('DC-DragonBall'):\n      case ('DC-Pokemon'):\n      case ('StarWars-Pokemon'):\n      case ('StarWars-Marvel'):\n      case ('DragonBall-Marvel'):\n      case ('DragonBall-DC'):\n        efectivity = 1;\n        break;\n      default:\n        efectivity = 0.5;\n    }\n    return 50 * (attacker.getAttack() / defender.getDefense()) * efectivity;\n  }\n\n  /**\n   * Prints fighters health points.\n   */\n  printHPs(): void {\n    if (this.fighter1.getHP() < 0) {\n      console.log(`${this.fighter1.getName()}: 0 HP`);\n    } else {\n      console.log(`${this.fighter1.getName()}: ${(this.fighter1.getHP()).toFixed(0)} HP`);\n    }\n    if (this.fighter2.getHP() < 0) {\n      console.log(`${this.fighter2.getName()}: 0 HP\\n`);\n    } else {\n      console.log(`${this.fighter2.getName()}: ${(this.fighter2.getHP()).toFixed(0)} HP\\n`);\n    }\n  }\n}\n\n"]},"_coverageSchema":"1a1c01bbd47fc00a2c39e90264f33305004495a9","hash":"92e8c6405cbe7032b2b871d1bfa6f539a81e6706","contentHash":"9b59b61f0414107630238211787be07943d877abeb7693024a383e512a1efe08"},"/home/usuario/pract06/src/ejercicio-1/Pokemon/Charmander.ts":{"path":"/home/usuario/pract06/src/ejercicio-1/Pokemon/Charmander.ts","statementMap":{"0":{"start":{"line":2,"column":0},"end":{"line":2,"column":62}},"1":{"start":{"line":3,"column":0},"end":{"line":3,"column":28}},"2":{"start":{"line":4,"column":18},"end":{"line":4,"column":39}},"3":{"start":{"line":10,"column":8},"end":{"line":10,"column":16}},"4":{"start":{"line":11,"column":8},"end":{"line":11,"column":33}},"5":{"start":{"line":12,"column":8},"end":{"line":12,"column":24}},"6":{"start":{"line":13,"column":8},"end":{"line":13,"column":24}},"7":{"start":{"line":14,"column":8},"end":{"line":14,"column":25}},"8":{"start":{"line":15,"column":8},"end":{"line":15,"column":26}},"9":{"start":{"line":16,"column":8},"end":{"line":16,"column":24}},"10":{"start":{"line":17,"column":8},"end":{"line":17,"column":24}},"11":{"start":{"line":18,"column":8},"end":{"line":18,"column":36}},"12":{"start":{"line":19,"column":8},"end":{"line":19,"column":27}},"13":{"start":{"line":20,"column":8},"end":{"line":20,"column":29}},"14":{"start":{"line":23,"column":0},"end":{"line":23,"column":32}}},"fnMap":{"0":{"name":"(anonymous_0)","decl":{"start":{"line":9,"column":4},"end":{"line":9,"column":5}},"loc":{"start":{"line":9,"column":18},"end":{"line":21,"column":5}},"line":9}},"branchMap":{},"s":{"0":1,"1":1,"2":1,"3":4,"4":4,"5":4,"6":4,"7":4,"8":4,"9":4,"10":4,"11":4,"12":4,"13":4,"14":1},"f":{"0":4},"b":{},"inputSourceMap":{"version":3,"file":"/home/usuario/pract06/src/ejercicio-1/Pokemon/Charmander.ts","sources":["/home/usuario/pract06/src/ejercicio-1/Pokemon/Charmander.ts"],"names":[],"mappings":";;;AAAA,wCAAgD;AAEhD;;GAEG;AACH,MAAa,UAAW,SAAQ,iBAAO;IAWrC;QACE,KAAK,EAAE,CAAC;QAXS,SAAI,GAAW,YAAY,CAAC;QAC5B,WAAM,GAAW,CAAC,CAAC;QACnB,WAAM,GAAW,CAAC,CAAC;QACnB,WAAM,GAAW,EAAE,CAAC;QACpB,YAAO,GAAW,EAAE,CAAC;QACrB,UAAK,GAAW,EAAE,CAAC;QACnB,UAAK,GAAW,EAAE,CAAC;QACnB,WAAM,GAAW,aAAa,CAAC;QAC/B,SAAI,GAAgB,MAAM,CAAC;QACpC,OAAE,GAAW,IAAI,CAAC,KAAK,CAAC;IAGlC,CAAC;CACF;AAdD,gCAcC","sourcesContent":["import {Pokemon, PokemonType} from '../Pokemon';\n\n/**\n * Class to represent the pokemon Charmander.\n */\nexport class Charmander extends Pokemon {\n  protected readonly name: string = 'Charmander';\n  protected readonly height: number = 1;\n  protected readonly weigth: number = 7;\n  protected readonly attack: number = 55;\n  protected readonly defense: number = 30;\n  protected readonly speed: number = 64;\n  protected readonly maxHp: number = 88;\n  protected readonly phrase: string = 'Char Char!!';\n  protected readonly type: PokemonType = 'fire';\n  protected hp: number = this.maxHp;\n  constructor() {\n    super();\n  }\n}"]},"_coverageSchema":"1a1c01bbd47fc00a2c39e90264f33305004495a9","hash":"88047e88b6f941845e50a87e0643063736e555ed","contentHash":"4ee54703ea8adaed5e4219b15f576e5aa5d459d629a6ce52d928977d538f3099"},"/home/usuario/pract06/src/ejercicio-1/Pokemon.ts":{"path":"/home/usuario/pract06/src/ejercicio-1/Pokemon.ts","statementMap":{"0":{"start":{"line":2,"column":0},"end":{"line":2,"column":62}},"1":{"start":{"line":3,"column":0},"end":{"line":3,"column":25}},"2":{"start":{"line":4,"column":18},"end":{"line":4,"column":38}},"3":{"start":{"line":13,"column":8},"end":{"line":13,"column":16}},"4":{"start":{"line":17,"column":8},"end":{"line":17,"column":34}},"5":{"start":{"line":24,"column":8},"end":{"line":24,"column":25}},"6":{"start":{"line":27,"column":0},"end":{"line":27,"column":26}}},"fnMap":{"0":{"name":"(anonymous_0)","decl":{"start":{"line":12,"column":4},"end":{"line":12,"column":5}},"loc":{"start":{"line":12,"column":18},"end":{"line":18,"column":5}},"line":12},"1":{"name":"(anonymous_1)","decl":{"start":{"line":23,"column":4},"end":{"line":23,"column":5}},"loc":{"start":{"line":23,"column":14},"end":{"line":25,"column":5}},"line":23}},"branchMap":{},"s":{"0":1,"1":1,"2":1,"3":5,"4":5,"5":1,"6":1},"f":{"0":5,"1":1},"b":{},"inputSourceMap":{"version":3,"file":"/home/usuario/pract06/src/ejercicio-1/Pokemon.ts","sources":["/home/usuario/pract06/src/ejercicio-1/Pokemon.ts"],"names":[],"mappings":";;;AAAA,uCAA4C;AAO5C;;GAEG;AACH,MAAsB,OAAQ,SAAQ,iBAAO;IAS3C;;OAEG;IACH;QACE,KAAK,EAAE,CAAC;QARV;;WAEG;QACgB,aAAQ,GAAa,SAAS,CAAC;IAMlD,CAAC;IACD;;;OAGG;IACH,OAAO;QACL,OAAO,IAAI,CAAC,IAAI,CAAC;IACnB,CAAC;CACF;AAtBD,0BAsBC","sourcesContent":["import {Fighter, Universe} from './Fighter';\n\n/**\n * PErsonalized type for pokemon types\n */\nexport type PokemonType = 'fire' | 'grass' | 'water' | 'electric';\n\n/**\n * Class to represent pokemon universe.\n */\nexport abstract class Pokemon extends Fighter {\n  /**\n   * Pokemon type.\n   */\n  protected abstract readonly type: PokemonType;\n  /**\n   * Universe.\n   */\n  protected readonly universe: Universe = 'Pokemon';\n  /**\n   * Constructor for the class `Pokemon`.\n   */\n  constructor() {\n    super();\n  }\n  /**\n   * Getter for the attribute `power`.\n   * @returns Returns the attribute `power`.\n   */\n  getType() {\n    return this.type;\n  }\n}"]},"_coverageSchema":"1a1c01bbd47fc00a2c39e90264f33305004495a9","hash":"910c023a60301cbf3e86047b524251ae78fc5893","contentHash":"53e3d68f7bd2ce37f068571baf6244d2f7a96ca016a5791e573a80b3e42e9ffd"},"/home/usuario/pract06/src/ejercicio-1/Fighter.ts":{"path":"/home/usuario/pract06/src/ejercicio-1/Fighter.ts","statementMap":{"0":{"start":{"line":2,"column":0},"end":{"line":2,"column":62}},"1":{"start":{"line":3,"column":0},"end":{"line":3,"column":25}},"2":{"start":{"line":13,"column":8},"end":{"line":13,"column":25}},"3":{"start":{"line":20,"column":8},"end":{"line":20,"column":27}},"4":{"start":{"line":27,"column":8},"end":{"line":27,"column":27}},"5":{"start":{"line":34,"column":8},"end":{"line":34,"column":27}},"6":{"start":{"line":41,"column":8},"end":{"line":41,"column":28}},"7":{"start":{"line":48,"column":8},"end":{"line":48,"column":26}},"8":{"start":{"line":55,"column":8},"end":{"line":55,"column":26}},"9":{"start":{"line":62,"column":8},"end":{"line":62,"column":29}},"10":{"start":{"line":69,"column":8},"end":{"line":69,"column":23}},"11":{"start":{"line":76,"column":8},"end":{"line":76,"column":25}},"12":{"start":{"line":82,"column":8},"end":{"line":82,"column":29}},"13":{"start":{"line":89,"column":8},"end":{"line":89,"column":27}},"14":{"start":{"line":95,"column":8},"end":{"line":95,"column":54}},"15":{"start":{"line":98,"column":0},"end":{"line":98,"column":26}}},"fnMap":{"0":{"name":"(anonymous_0)","decl":{"start":{"line":12,"column":4},"end":{"line":12,"column":5}},"loc":{"start":{"line":12,"column":14},"end":{"line":14,"column":5}},"line":12},"1":{"name":"(anonymous_1)","decl":{"start":{"line":19,"column":4},"end":{"line":19,"column":5}},"loc":{"start":{"line":19,"column":16},"end":{"line":21,"column":5}},"line":19},"2":{"name":"(anonymous_2)","decl":{"start":{"line":26,"column":4},"end":{"line":26,"column":5}},"loc":{"start":{"line":26,"column":16},"end":{"line":28,"column":5}},"line":26},"3":{"name":"(anonymous_3)","decl":{"start":{"line":33,"column":4},"end":{"line":33,"column":5}},"loc":{"start":{"line":33,"column":16},"end":{"line":35,"column":5}},"line":33},"4":{"name":"(anonymous_4)","decl":{"start":{"line":40,"column":4},"end":{"line":40,"column":5}},"loc":{"start":{"line":40,"column":17},"end":{"line":42,"column":5}},"line":40},"5":{"name":"(anonymous_5)","decl":{"start":{"line":47,"column":4},"end":{"line":47,"column":5}},"loc":{"start":{"line":47,"column":15},"end":{"line":49,"column":5}},"line":47},"6":{"name":"(anonymous_6)","decl":{"start":{"line":54,"column":4},"end":{"line":54,"column":5}},"loc":{"start":{"line":54,"column":15},"end":{"line":56,"column":5}},"line":54},"7":{"name":"(anonymous_7)","decl":{"start":{"line":61,"column":4},"end":{"line":61,"column":5}},"loc":{"start":{"line":61,"column":18},"end":{"line":63,"column":5}},"line":61},"8":{"name":"(anonymous_8)","decl":{"start":{"line":68,"column":4},"end":{"line":68,"column":5}},"loc":{"start":{"line":68,"column":12},"end":{"line":70,"column":5}},"line":68},"9":{"name":"(anonymous_9)","decl":{"start":{"line":75,"column":4},"end":{"line":75,"column":5}},"loc":{"start":{"line":75,"column":18},"end":{"line":77,"column":5}},"line":75},"10":{"name":"(anonymous_10)","decl":{"start":{"line":81,"column":4},"end":{"line":81,"column":5}},"loc":{"start":{"line":81,"column":16},"end":{"line":83,"column":5}},"line":81},"11":{"name":"(anonymous_11)","decl":{"start":{"line":88,"column":4},"end":{"line":88,"column":5}},"loc":{"start":{"line":88,"column":16},"end":{"line":90,"column":5}},"line":88},"12":{"name":"(anonymous_12)","decl":{"start":{"line":94,"column":4},"end":{"line":94,"column":5}},"loc":{"start":{"line":94,"column":16},"end":{"line":96,"column":5}},"line":94}},"branchMap":{},"s":{"0":1,"1":1,"2":137,"3":1,"4":1,"5":20,"6":20,"7":1,"8":1,"9":40,"10":222,"11":20,"12":140,"13":1,"14":20,"15":1},"f":{"0":137,"1":1,"2":1,"3":20,"4":20,"5":1,"6":1,"7":40,"8":222,"9":20,"10":140,"11":1,"12":20},"b":{},"inputSourceMap":{"version":3,"file":"/home/usuario/pract06/src/ejercicio-1/Fighter.ts","sources":["/home/usuario/pract06/src/ejercicio-1/Fighter.ts"],"names":[],"mappings":";;;AAKA;;GAEG;AACH,MAAsB,OAAO;IAyC3B;;;OAGG;IACH,OAAO;QACL,OAAO,IAAI,CAAC,IAAI,CAAC;IACnB,CAAC;IACD;;;OAGG;IACH,SAAS;QACP,OAAO,IAAI,CAAC,MAAM,CAAC;IACrB,CAAC;IACD;;;OAGG;IACH,SAAS;QACP,OAAO,IAAI,CAAC,MAAM,CAAC;IACrB,CAAC;IACD;;;OAGG;IACH,SAAS;QACP,OAAO,IAAI,CAAC,MAAM,CAAC;IACrB,CAAC;IACD;;;OAGG;IACH,UAAU;QACR,OAAO,IAAI,CAAC,OAAO,CAAC;IACtB,CAAC;IACD;;;OAGG;IACH,QAAQ;QACN,OAAO,IAAI,CAAC,KAAK,CAAC;IACpB,CAAC;IACD;;;OAGG;IACH,QAAQ;QACN,OAAO,IAAI,CAAC,KAAK,CAAC;IACpB,CAAC;IACD;;;OAGG;IACH,WAAW;QACT,OAAO,IAAI,CAAC,QAAQ,CAAC;IACvB,CAAC;IACD;;;OAGG;IACH,KAAK;QACH,OAAO,IAAI,CAAC,EAAE,CAAC;IACjB,CAAC;IACD;;;OAGG;IACH,KAAK,CAAC,MAAc;QAClB,IAAI,CAAC,EAAE,GAAG,MAAM,CAAC;IACnB,CAAC;IACD;;OAEG;IACH,SAAS;QACP,IAAI,CAAC,EAAE,GAAG,IAAI,CAAC,KAAK,CAAC;IACvB,CAAC;IACD;;;OAGG;IACH,SAAS;QACP,OAAO,IAAI,CAAC,MAAM,CAAC;IACrB,CAAC;IACD;;OAEG;IACH,SAAS;QACP,OAAO,CAAC,GAAG,CAAC,GAAG,IAAI,CAAC,IAAI,MAAM,IAAI,CAAC,MAAM,GAAG,CAAC,CAAC;IAChD,CAAC;CACF;AAlID,0BAkIC","sourcesContent":["/**\n * Personalized type for universes.\n */\nexport type Universe = 'Pokemon' | 'Marvel' | 'DC' | 'StarWars' | 'DragonBall';\n\n/**\n * Abstract class to represent a fighter.\n */\nexport abstract class Fighter {\n  /**\n   * Health points.\n   */\n  protected abstract hp: number;\n  /**\n   * Name.\n   */\n  protected abstract readonly name: string;\n  /**\n   * Height.\n   */\n  protected abstract readonly height: number;\n  /**\n   * Weigth.\n   */\n  protected abstract readonly weigth: number;\n  /**\n   * Attack.\n   */\n  protected abstract readonly attack: number;\n  /**\n   * Defense.\n   */\n  protected abstract readonly defense: number;\n  /**\n   * Speed.\n   */\n  protected abstract readonly speed: number;\n  /**\n   * Max health points.\n   */\n  protected abstract readonly maxHp: number;\n  /**\n   * Catching phrase.\n   */\n  protected abstract readonly phrase: string;\n  /**\n   * Universe.\n   */\n  protected abstract readonly universe: Universe;\n  /**\n   * Getter for the attribute `name`.\n   * @returns Returns the attribute `name`.\n   */\n  getName(): string {\n    return this.name;\n  }\n  /**\n   * Getter for the attribute `weigth`.\n   * @returns Returns the attribute `weigth`.\n   */\n  getWeigth(): number {\n    return this.weigth;\n  }\n  /**\n   * Getter for the attribute `height`.\n   * @returns Returns the attribute `height`.\n   */\n  getHeight(): number {\n    return this.height;\n  }\n  /**\n   * Getter for the attribute `attack`.\n   * @returns Returns the attribute `attack`.\n   */\n  getAttack(): number {\n    return this.attack;\n  }\n  /**\n   * Getter for the attribute `defense`.\n   * @returns Returns the attribute `defense`.\n   */\n  getDefense(): number {\n    return this.defense;\n  }\n  /**\n   * Getter for the attribute `speed`.\n   * @returns Returns the attribute `speed`.\n   */\n  getSpeed(): number {\n    return this.speed;\n  }\n  /**\n   * Getter for the attribute `maxHp`.\n   * @returns Returns the attribute `maxHp`.\n   */\n  getMaxHP(): number {\n    return this.maxHp;\n  }\n  /**\n   * Getter for the attribute `universe`.\n   * @returns Returns the attribute `universe`.\n   */\n  getUniverse(): Universe {\n    return this.universe;\n  }\n  /**\n   * Getter for the attribute `hp`.\n   * @returns Returns the attribute `hp`.\n   */\n  getHP(): number {\n    return this.hp;\n  }\n  /**\n   * Setter for the attribute `hp`.\n   * @param health New value for the attribute `hp`.\n   */\n  setHP(health: number): void {\n    this.hp = health;\n  }\n  /**\n   * Restores fighter health point.\n   */\n  restoreHP(): void {\n    this.hp = this.maxHp;\n  }\n  /**\n   * Getter for the attribute `phrase`.\n   * @returns Returns the attribute `phrase`.\n   */\n  getPhrase(): string {\n    return this.phrase;\n  }\n  /**\n   * Says catching phrase.\n   */\n  sayPhrase(): void {\n    console.log(`${this.name}: \"${this.phrase}\"`);\n  }\n}"]},"_coverageSchema":"1a1c01bbd47fc00a2c39e90264f33305004495a9","hash":"ec5a6049605c1cc8dec411436a772d76ec1049ef","contentHash":"8c420039337b3dc3c5cb7207a11ba3192be1a7244b490f1f75b01fc6622b2537"},"/home/usuario/pract06/src/ejercicio-1/Pokemon/Pikachu.ts":{"path":"/home/usuario/pract06/src/ejercicio-1/Pokemon/Pikachu.ts","statementMap":{"0":{"start":{"line":2,"column":0},"end":{"line":2,"column":62}},"1":{"start":{"line":3,"column":0},"end":{"line":3,"column":25}},"2":{"start":{"line":4,"column":18},"end":{"line":4,"column":39}},"3":{"start":{"line":10,"column":8},"end":{"line":10,"column":16}},"4":{"start":{"line":11,"column":8},"end":{"line":11,"column":30}},"5":{"start":{"line":12,"column":8},"end":{"line":12,"column":26}},"6":{"start":{"line":13,"column":8},"end":{"line":13,"column":24}},"7":{"start":{"line":14,"column":8},"end":{"line":14,"column":25}},"8":{"start":{"line":15,"column":8},"end":{"line":15,"column":26}},"9":{"start":{"line":16,"column":8},"end":{"line":16,"column":24}},"10":{"start":{"line":17,"column":8},"end":{"line":17,"column":24}},"11":{"start":{"line":18,"column":8},"end":{"line":18,"column":36}},"12":{"start":{"line":19,"column":8},"end":{"line":19,"column":31}},"13":{"start":{"line":20,"column":8},"end":{"line":20,"column":29}},"14":{"start":{"line":23,"column":0},"end":{"line":23,"column":26}}},"fnMap":{"0":{"name":"(anonymous_0)","decl":{"start":{"line":9,"column":4},"end":{"line":9,"column":5}},"loc":{"start":{"line":9,"column":18},"end":{"line":21,"column":5}},"line":9}},"branchMap":{},"s":{"0":1,"1":1,"2":1,"3":1,"4":1,"5":1,"6":1,"7":1,"8":1,"9":1,"10":1,"11":1,"12":1,"13":1,"14":1},"f":{"0":1},"b":{},"inputSourceMap":{"version":3,"file":"/home/usuario/pract06/src/ejercicio-1/Pokemon/Pikachu.ts","sources":["/home/usuario/pract06/src/ejercicio-1/Pokemon/Pikachu.ts"],"names":[],"mappings":";;;AAAA,wCAAgD;AAEhD;;GAEG;AACH,MAAa,OAAQ,SAAQ,iBAAO;IAWlC;QACE,KAAK,EAAE,CAAC;QAXS,SAAI,GAAW,SAAS,CAAC;QACzB,WAAM,GAAW,GAAG,CAAC;QACrB,WAAM,GAAW,CAAC,CAAC;QACnB,WAAM,GAAW,EAAE,CAAC;QACpB,YAAO,GAAW,EAAE,CAAC;QACrB,UAAK,GAAW,EAAE,CAAC;QACnB,UAAK,GAAW,EAAE,CAAC;QACnB,WAAM,GAAW,aAAa,CAAC;QAC/B,SAAI,GAAgB,UAAU,CAAC;QACxC,OAAE,GAAW,IAAI,CAAC,KAAK,CAAC;IAGlC,CAAC;CACF;AAdD,0BAcC","sourcesContent":["import {Pokemon, PokemonType} from '../Pokemon';\n\n/**\n * Class to represent the pokemon Pikachu.\n */\nexport class Pikachu extends Pokemon {\n  protected readonly name: string = 'Pikachu';\n  protected readonly height: number = 0.8;\n  protected readonly weigth: number = 5;\n  protected readonly attack: number = 47;\n  protected readonly defense: number = 32;\n  protected readonly speed: number = 72;\n  protected readonly maxHp: number = 80;\n  protected readonly phrase: string = 'Pika Pika!!';\n  protected readonly type: PokemonType = 'electric';\n  protected hp: number = this.maxHp;\n  constructor() {\n    super();\n  }\n}"]},"_coverageSchema":"1a1c01bbd47fc00a2c39e90264f33305004495a9","hash":"1215c032aed996977745d9b7fb5d4a70131eb104","contentHash":"dfdbb0ebcbd409220cfbc38b088b0f29238acd21f8574800ab8ecb3a80b71f3d"},"/home/usuario/pract06/src/ejercicio-1/DC/Batman.ts":{"path":"/home/usuario/pract06/src/ejercicio-1/DC/Batman.ts","statementMap":{"0":{"start":{"line":2,"column":0},"end":{"line":2,"column":62}},"1":{"start":{"line":3,"column":0},"end":{"line":3,"column":24}},"2":{"start":{"line":4,"column":13},"end":{"line":4,"column":29}},"3":{"start":{"line":10,"column":8},"end":{"line":10,"column":16}},"4":{"start":{"line":11,"column":8},"end":{"line":11,"column":29}},"5":{"start":{"line":12,"column":8},"end":{"line":12,"column":27}},"6":{"start":{"line":13,"column":8},"end":{"line":13,"column":25}},"7":{"start":{"line":14,"column":8},"end":{"line":14,"column":25}},"8":{"start":{"line":15,"column":8},"end":{"line":15,"column":26}},"9":{"start":{"line":16,"column":8},"end":{"line":16,"column":24}},"10":{"start":{"line":17,"column":8},"end":{"line":17,"column":24}},"11":{"start":{"line":18,"column":8},"end":{"line":18,"column":47}},"12":{"start":{"line":19,"column":8},"end":{"line":19,"column":38}},"13":{"start":{"line":20,"column":8},"end":{"line":20,"column":29}},"14":{"start":{"line":23,"column":0},"end":{"line":23,"column":24}}},"fnMap":{"0":{"name":"(anonymous_0)","decl":{"start":{"line":9,"column":4},"end":{"line":9,"column":5}},"loc":{"start":{"line":9,"column":18},"end":{"line":21,"column":5}},"line":9}},"branchMap":{},"s":{"0":1,"1":1,"2":1,"3":3,"4":3,"5":3,"6":3,"7":3,"8":3,"9":3,"10":3,"11":3,"12":3,"13":3,"14":1},"f":{"0":3},"b":{},"inputSourceMap":{"version":3,"file":"/home/usuario/pract06/src/ejercicio-1/DC/Batman.ts","sources":["/home/usuario/pract06/src/ejercicio-1/DC/Batman.ts"],"names":[],"mappings":";;;AAAA,8BAAyB;AAEzB;;GAEG;AACH,MAAa,MAAO,SAAQ,OAAE;IAW5B;QACE,KAAK,EAAE,CAAC;QAXS,SAAI,GAAW,QAAQ,CAAC;QACxB,WAAM,GAAW,IAAI,CAAC;QACtB,WAAM,GAAW,EAAE,CAAC;QACpB,WAAM,GAAW,EAAE,CAAC;QACpB,YAAO,GAAW,EAAE,CAAC;QACrB,UAAK,GAAW,EAAE,CAAC;QACnB,UAAK,GAAW,EAAE,CAAC;QACnB,WAAM,GAAW,wBAAwB,CAAC;QAC1C,aAAQ,GAAW,aAAa,CAAC;QAC1C,OAAE,GAAW,IAAI,CAAC,KAAK,CAAC;IAGlC,CAAC;CACF;AAdD,wBAcC","sourcesContent":["import {DC} from '../DC';\n\n/**\n * Class to represent the dc superhero Batman.\n */\nexport class Batman extends DC {\n  protected readonly name: string = 'Batman';\n  protected readonly height: number = 1.90;\n  protected readonly weigth: number = 88;\n  protected readonly attack: number = 66;\n  protected readonly defense: number = 47;\n  protected readonly speed: number = 60;\n  protected readonly maxHp: number = 73;\n  protected readonly phrase: string = 'I am the dark knight!!';\n  protected readonly realName: string = 'Bruce Wayne';\n  protected hp: number = this.maxHp;\n  constructor() {\n    super();\n  }\n}"]},"_coverageSchema":"1a1c01bbd47fc00a2c39e90264f33305004495a9","hash":"bf87497e9d79540213d0dcb2183b54f1195531dc","contentHash":"f07d8e90420540b44ef73bbe68cd2844891141f5d82188655206ccd13d49ab83"},"/home/usuario/pract06/src/ejercicio-1/DC.ts":{"path":"/home/usuario/pract06/src/ejercicio-1/DC.ts","statementMap":{"0":{"start":{"line":2,"column":0},"end":{"line":2,"column":62}},"1":{"start":{"line":3,"column":0},"end":{"line":3,"column":20}},"2":{"start":{"line":4,"column":18},"end":{"line":4,"column":38}},"3":{"start":{"line":13,"column":8},"end":{"line":13,"column":16}},"4":{"start":{"line":17,"column":8},"end":{"line":17,"column":29}},"5":{"start":{"line":24,"column":8},"end":{"line":24,"column":29}},"6":{"start":{"line":27,"column":0},"end":{"line":27,"column":16}}},"fnMap":{"0":{"name":"(anonymous_0)","decl":{"start":{"line":12,"column":4},"end":{"line":12,"column":5}},"loc":{"start":{"line":12,"column":18},"end":{"line":18,"column":5}},"line":12},"1":{"name":"(anonymous_1)","decl":{"start":{"line":23,"column":4},"end":{"line":23,"column":5}},"loc":{"start":{"line":23,"column":18},"end":{"line":25,"column":5}},"line":23}},"branchMap":{},"s":{"0":1,"1":1,"2":1,"3":4,"4":4,"5":1,"6":1},"f":{"0":4,"1":1},"b":{},"inputSourceMap":{"version":3,"file":"/home/usuario/pract06/src/ejercicio-1/DC.ts","sources":["/home/usuario/pract06/src/ejercicio-1/DC.ts"],"names":[],"mappings":";;;AAAA,uCAA4C;AAE5C;;GAEG;AACH,MAAsB,EAAG,SAAQ,iBAAO;IAStC;;OAEG;IACH;QACE,KAAK,EAAE,CAAC;QARV;;WAEG;QACgB,aAAQ,GAAa,IAAI,CAAC;IAM7C,CAAC;IACD;;;OAGG;IACH,WAAW;QACT,OAAO,IAAI,CAAC,QAAQ,CAAC;IACvB,CAAC;CACF;AAtBD,gBAsBC","sourcesContent":["import {Fighter, Universe} from './Fighter';\n\n/**\n * Class to represent DC universe.\n */\nexport abstract class DC extends Fighter {\n  /**\n   * Fighter real name.\n   */\n  protected abstract readonly realName: string;\n  /**\n   * Universe.\n   */\n  protected readonly universe: Universe = 'DC';\n  /**\n   * Constructor for the class `DC`.\n   */\n  constructor() {\n    super();\n  }\n  /**\n   * Getter for the attribute `realName`.\n   * @returns Returns the attribute `realName`.\n   */\n  getRealName() {\n    return this.realName;\n  }\n}"]},"_coverageSchema":"1a1c01bbd47fc00a2c39e90264f33305004495a9","hash":"c94a607814e0f1173edf0ecbff0f333096f86c39","contentHash":"8ee7c52e988222d91e600e05868d9608a9cacb6be6bcf8c05df77b69adc0df42"},"/home/usuario/pract06/src/ejercicio-1/DC/Superman.ts":{"path":"/home/usuario/pract06/src/ejercicio-1/DC/Superman.ts","statementMap":{"0":{"start":{"line":2,"column":0},"end":{"line":2,"column":62}},"1":{"start":{"line":3,"column":0},"end":{"line":3,"column":26}},"2":{"start":{"line":4,"column":13},"end":{"line":4,"column":29}},"3":{"start":{"line":10,"column":8},"end":{"line":10,"column":16}},"4":{"start":{"line":11,"column":8},"end":{"line":11,"column":31}},"5":{"start":{"line":12,"column":8},"end":{"line":12,"column":27}},"6":{"start":{"line":13,"column":8},"end":{"line":13,"column":25}},"7":{"start":{"line":14,"column":8},"end":{"line":14,"column":25}},"8":{"start":{"line":15,"column":8},"end":{"line":15,"column":26}},"9":{"start":{"line":16,"column":8},"end":{"line":16,"column":24}},"10":{"start":{"line":17,"column":8},"end":{"line":17,"column":24}},"11":{"start":{"line":18,"column":8},"end":{"line":18,"column":48}},"12":{"start":{"line":19,"column":8},"end":{"line":19,"column":37}},"13":{"start":{"line":20,"column":8},"end":{"line":20,"column":29}},"14":{"start":{"line":23,"column":0},"end":{"line":23,"column":28}}},"fnMap":{"0":{"name":"(anonymous_0)","decl":{"start":{"line":9,"column":4},"end":{"line":9,"column":5}},"loc":{"start":{"line":9,"column":18},"end":{"line":21,"column":5}},"line":9}},"branchMap":{},"s":{"0":1,"1":1,"2":1,"3":1,"4":1,"5":1,"6":1,"7":1,"8":1,"9":1,"10":1,"11":1,"12":1,"13":1,"14":1},"f":{"0":1},"b":{},"inputSourceMap":{"version":3,"file":"/home/usuario/pract06/src/ejercicio-1/DC/Superman.ts","sources":["/home/usuario/pract06/src/ejercicio-1/DC/Superman.ts"],"names":[],"mappings":";;;AAAA,8BAAyB;AAEzB;;GAEG;AACH,MAAa,QAAS,SAAQ,OAAE;IAW9B;QACE,KAAK,EAAE,CAAC;QAXS,SAAI,GAAW,UAAU,CAAC;QAC1B,WAAM,GAAW,IAAI,CAAC;QACtB,WAAM,GAAW,EAAE,CAAC;QACpB,WAAM,GAAW,EAAE,CAAC;QACpB,YAAO,GAAW,EAAE,CAAC;QACrB,UAAK,GAAW,EAAE,CAAC;QACnB,UAAK,GAAW,EAAE,CAAC;QACnB,WAAM,GAAW,yBAAyB,CAAC;QAC3C,aAAQ,GAAW,YAAY,CAAC;QACzC,OAAE,GAAW,IAAI,CAAC,KAAK,CAAC;IAGlC,CAAC;CACF;AAdD,4BAcC","sourcesContent":["import {DC} from '../DC';\n\n/**\n * Class to represent the dc superhero Superman.\n */\nexport class Superman extends DC {\n  protected readonly name: string = 'Superman';\n  protected readonly height: number = 1.85;\n  protected readonly weigth: number = 82;\n  protected readonly attack: number = 70;\n  protected readonly defense: number = 45;\n  protected readonly speed: number = 70;\n  protected readonly maxHp: number = 76;\n  protected readonly phrase: string = 'I am the man of steel!!';\n  protected readonly realName: string = 'Clark Kent';\n  protected hp: number = this.maxHp;\n  constructor() {\n    super();\n  }\n}"]},"_coverageSchema":"1a1c01bbd47fc00a2c39e90264f33305004495a9","hash":"5a0a58b15ae0639afdd875e53c20134e55719aea","contentHash":"dbe992631d8296075107d78b214407cb21c30d88bb8aa974d7e2a7e4270f8cbb"},"/home/usuario/pract06/src/ejercicio-1/Marvel/Hulk.ts":{"path":"/home/usuario/pract06/src/ejercicio-1/Marvel/Hulk.ts","statementMap":{"0":{"start":{"line":2,"column":0},"end":{"line":2,"column":62}},"1":{"start":{"line":3,"column":0},"end":{"line":3,"column":22}},"2":{"start":{"line":4,"column":17},"end":{"line":4,"column":37}},"3":{"start":{"line":10,"column":8},"end":{"line":10,"column":16}},"4":{"start":{"line":11,"column":8},"end":{"line":11,"column":27}},"5":{"start":{"line":12,"column":8},"end":{"line":12,"column":26}},"6":{"start":{"line":13,"column":8},"end":{"line":13,"column":26}},"7":{"start":{"line":14,"column":8},"end":{"line":14,"column":26}},"8":{"start":{"line":15,"column":8},"end":{"line":15,"column":26}},"9":{"start":{"line":16,"column":8},"end":{"line":16,"column":24}},"10":{"start":{"line":17,"column":8},"end":{"line":17,"column":25}},"11":{"start":{"line":18,"column":8},"end":{"line":18,"column":39}},"12":{"start":{"line":19,"column":8},"end":{"line":19,"column":38}},"13":{"start":{"line":20,"column":8},"end":{"line":20,"column":29}},"14":{"start":{"line":23,"column":0},"end":{"line":23,"column":20}}},"fnMap":{"0":{"name":"(anonymous_0)","decl":{"start":{"line":9,"column":4},"end":{"line":9,"column":5}},"loc":{"start":{"line":9,"column":18},"end":{"line":21,"column":5}},"line":9}},"branchMap":{},"s":{"0":1,"1":1,"2":1,"3":1,"4":1,"5":1,"6":1,"7":1,"8":1,"9":1,"10":1,"11":1,"12":1,"13":1,"14":1},"f":{"0":1},"b":{},"inputSourceMap":{"version":3,"file":"/home/usuario/pract06/src/ejercicio-1/Marvel/Hulk.ts","sources":["/home/usuario/pract06/src/ejercicio-1/Marvel/Hulk.ts"],"names":[],"mappings":";;;AAAA,sCAAiC;AAEjC;;GAEG;AACH,MAAa,IAAK,SAAQ,eAAM;IAW9B;QACE,KAAK,EAAE,CAAC;QAXS,SAAI,GAAW,MAAM,CAAC;QACtB,WAAM,GAAW,GAAG,CAAC;QACrB,WAAM,GAAW,GAAG,CAAC;QACrB,WAAM,GAAW,GAAG,CAAC;QACrB,YAAO,GAAW,EAAE,CAAC;QACrB,UAAK,GAAW,EAAE,CAAC;QACnB,UAAK,GAAW,GAAG,CAAC;QACpB,WAAM,GAAW,gBAAgB,CAAC;QAClC,UAAK,GAAW,gBAAgB,CAAC;QAC1C,OAAE,GAAW,IAAI,CAAC,KAAK,CAAC;IAGlC,CAAC;CACF;AAdD,oBAcC","sourcesContent":["import {Marvel} from '../Marvel';\n\n/**\n * Class to represent the marvel superhero Hulk.\n */\nexport class Hulk extends Marvel {\n  protected readonly name: string = 'Hulk';\n  protected readonly height: number = 2.5;\n  protected readonly weigth: number = 180;\n  protected readonly attack: number = 120;\n  protected readonly defense: number = 20;\n  protected readonly speed: number = 15;\n  protected readonly maxHp: number = 100;\n  protected readonly phrase: string = 'Hulk...SMASH!!';\n  protected readonly power: string = 'Super strength';\n  protected hp: number = this.maxHp;\n  constructor() {\n    super();\n  }\n}"]},"_coverageSchema":"1a1c01bbd47fc00a2c39e90264f33305004495a9","hash":"294a13c3d2adcf4f772fd31e19017b63b768c868","contentHash":"9e381196ba51fa6b44c6c976089e41645e1b6f0484ac5f88ed89dfa73286ba5e"},"/home/usuario/pract06/src/ejercicio-1/Marvel.ts":{"path":"/home/usuario/pract06/src/ejercicio-1/Marvel.ts","statementMap":{"0":{"start":{"line":2,"column":0},"end":{"line":2,"column":62}},"1":{"start":{"line":3,"column":0},"end":{"line":3,"column":24}},"2":{"start":{"line":4,"column":18},"end":{"line":4,"column":38}},"3":{"start":{"line":13,"column":8},"end":{"line":13,"column":16}},"4":{"start":{"line":17,"column":8},"end":{"line":17,"column":33}},"5":{"start":{"line":24,"column":8},"end":{"line":24,"column":26}},"6":{"start":{"line":27,"column":0},"end":{"line":27,"column":24}}},"fnMap":{"0":{"name":"(anonymous_0)","decl":{"start":{"line":12,"column":4},"end":{"line":12,"column":5}},"loc":{"start":{"line":12,"column":18},"end":{"line":18,"column":5}},"line":12},"1":{"name":"(anonymous_1)","decl":{"start":{"line":23,"column":4},"end":{"line":23,"column":5}},"loc":{"start":{"line":23,"column":15},"end":{"line":25,"column":5}},"line":23}},"branchMap":{},"s":{"0":1,"1":1,"2":1,"3":3,"4":3,"5":1,"6":1},"f":{"0":3,"1":1},"b":{},"inputSourceMap":{"version":3,"file":"/home/usuario/pract06/src/ejercicio-1/Marvel.ts","sources":["/home/usuario/pract06/src/ejercicio-1/Marvel.ts"],"names":[],"mappings":";;;AAAA,uCAA4C;AAE5C;;GAEG;AACH,MAAsB,MAAO,SAAQ,iBAAO;IAS1C;;OAEG;IACH;QACE,KAAK,EAAE,CAAC;QARV;;WAEG;QACgB,aAAQ,GAAa,QAAQ,CAAC;IAMjD,CAAC;IACD;;;OAGG;IACH,QAAQ;QACN,OAAO,IAAI,CAAC,KAAK,CAAC;IACpB,CAAC;CACF;AAtBD,wBAsBC","sourcesContent":["import {Fighter, Universe} from './Fighter';\n\n/**\n * Abstract class to represent marvel universe.\n */\nexport abstract class Marvel extends Fighter {\n  /**\n   * Fighter power.\n   */\n  protected abstract readonly power: string;\n  /**\n   * Universe.\n   */\n  protected readonly universe: Universe = 'Marvel';\n  /**\n   * Constructor for the class `Marvel`.\n   */\n  constructor() {\n    super();\n  }\n  /**\n   * Getter for the attribute `power`.\n   * @returns Returns the attribute `power`.\n   */\n  getPower() {\n    return this.power;\n  }\n}"]},"_coverageSchema":"1a1c01bbd47fc00a2c39e90264f33305004495a9","hash":"8ef29d7ab5e3553bab41aee21e19af2588650307","contentHash":"c681cdc6822111115a937f7e81d01d168f8a253e508c67abfb1fa99888af1c83"},"/home/usuario/pract06/src/ejercicio-1/Marvel/Spiderman.ts":{"path":"/home/usuario/pract06/src/ejercicio-1/Marvel/Spiderman.ts","statementMap":{"0":{"start":{"line":2,"column":0},"end":{"line":2,"column":62}},"1":{"start":{"line":3,"column":0},"end":{"line":3,"column":27}},"2":{"start":{"line":4,"column":17},"end":{"line":4,"column":37}},"3":{"start":{"line":10,"column":8},"end":{"line":10,"column":16}},"4":{"start":{"line":11,"column":8},"end":{"line":11,"column":32}},"5":{"start":{"line":12,"column":8},"end":{"line":12,"column":27}},"6":{"start":{"line":13,"column":8},"end":{"line":13,"column":25}},"7":{"start":{"line":14,"column":8},"end":{"line":14,"column":25}},"8":{"start":{"line":15,"column":8},"end":{"line":15,"column":26}},"9":{"start":{"line":16,"column":8},"end":{"line":16,"column":24}},"10":{"start":{"line":17,"column":8},"end":{"line":17,"column":24}},"11":{"start":{"line":18,"column":8},"end":{"line":18,"column":54}},"12":{"start":{"line":19,"column":8},"end":{"line":19,"column":32}},"13":{"start":{"line":20,"column":8},"end":{"line":20,"column":29}},"14":{"start":{"line":23,"column":0},"end":{"line":23,"column":30}}},"fnMap":{"0":{"name":"(anonymous_0)","decl":{"start":{"line":9,"column":4},"end":{"line":9,"column":5}},"loc":{"start":{"line":9,"column":18},"end":{"line":21,"column":5}},"line":9}},"branchMap":{},"s":{"0":1,"1":1,"2":1,"3":2,"4":2,"5":2,"6":2,"7":2,"8":2,"9":2,"10":2,"11":2,"12":2,"13":2,"14":1},"f":{"0":2},"b":{},"inputSourceMap":{"version":3,"file":"/home/usuario/pract06/src/ejercicio-1/Marvel/Spiderman.ts","sources":["/home/usuario/pract06/src/ejercicio-1/Marvel/Spiderman.ts"],"names":[],"mappings":";;;AAAA,sCAAiC;AAEjC;;GAEG;AACH,MAAa,SAAU,SAAQ,eAAM;IAWnC;QACE,KAAK,EAAE,CAAC;QAXS,SAAI,GAAW,WAAW,CAAC;QAC3B,WAAM,GAAW,IAAI,CAAC;QACtB,WAAM,GAAW,EAAE,CAAC;QACpB,WAAM,GAAW,EAAE,CAAC;QACpB,YAAO,GAAW,EAAE,CAAC;QACrB,UAAK,GAAW,EAAE,CAAC;QACnB,UAAK,GAAW,EAAE,CAAC;QACnB,WAAM,GAAW,+BAA+B,CAAC;QACjD,UAAK,GAAW,UAAU,CAAC;QACpC,OAAE,GAAW,IAAI,CAAC,KAAK,CAAC;IAGlC,CAAC;CACF;AAdD,8BAcC","sourcesContent":["import {Marvel} from '../Marvel';\n\n/**\n * Class to represent the marvel superhero Spiderman.\n */\nexport class Spiderman extends Marvel {\n  protected readonly name: string = 'Spiderman';\n  protected readonly height: number = 1.75;\n  protected readonly weigth: number = 70;\n  protected readonly attack: number = 65;\n  protected readonly defense: number = 40;\n  protected readonly speed: number = 80;\n  protected readonly maxHp: number = 85;\n  protected readonly phrase: string = 'My Spider-Sense is tingling!!';\n  protected readonly power: string = 'Arachnid';\n  protected hp: number = this.maxHp;\n  constructor() {\n    super();\n  }\n}"]},"_coverageSchema":"1a1c01bbd47fc00a2c39e90264f33305004495a9","hash":"5a1d9ed36dd19647272ecb4dc603385e964d08d8","contentHash":"d67efb927b6d260903030f650577806bab8daf6d13bf6605df69c2e53a1de999"},"/home/usuario/pract06/src/ejercicio-1/DragonBall/Goku.ts":{"path":"/home/usuario/pract06/src/ejercicio-1/DragonBall/Goku.ts","statementMap":{"0":{"start":{"line":2,"column":0},"end":{"line":2,"column":62}},"1":{"start":{"line":3,"column":0},"end":{"line":3,"column":22}},"2":{"start":{"line":4,"column":21},"end":{"line":4,"column":45}},"3":{"start":{"line":10,"column":8},"end":{"line":10,"column":16}},"4":{"start":{"line":11,"column":8},"end":{"line":11,"column":31}},"5":{"start":{"line":12,"column":8},"end":{"line":12,"column":27}},"6":{"start":{"line":13,"column":8},"end":{"line":13,"column":25}},"7":{"start":{"line":14,"column":8},"end":{"line":14,"column":25}},"8":{"start":{"line":15,"column":8},"end":{"line":15,"column":26}},"9":{"start":{"line":16,"column":8},"end":{"line":16,"column":24}},"10":{"start":{"line":17,"column":8},"end":{"line":17,"column":24}},"11":{"start":{"line":18,"column":8},"end":{"line":18,"column":39}},"12":{"start":{"line":19,"column":8},"end":{"line":19,"column":30}},"13":{"start":{"line":20,"column":8},"end":{"line":20,"column":29}},"14":{"start":{"line":23,"column":0},"end":{"line":23,"column":20}}},"fnMap":{"0":{"name":"(anonymous_0)","decl":{"start":{"line":9,"column":4},"end":{"line":9,"column":5}},"loc":{"start":{"line":9,"column":18},"end":{"line":21,"column":5}},"line":9}},"branchMap":{},"s":{"0":1,"1":1,"2":1,"3":3,"4":3,"5":3,"6":3,"7":3,"8":3,"9":3,"10":3,"11":3,"12":3,"13":3,"14":1},"f":{"0":3},"b":{},"inputSourceMap":{"version":3,"file":"/home/usuario/pract06/src/ejercicio-1/DragonBall/Goku.ts","sources":["/home/usuario/pract06/src/ejercicio-1/DragonBall/Goku.ts"],"names":[],"mappings":";;;AAAA,8CAAyC;AAEzC;;GAEG;AACH,MAAa,IAAK,SAAQ,uBAAU;IAWlC;QACE,KAAK,EAAE,CAAC;QAXS,SAAI,GAAW,UAAU,CAAC;QAC1B,WAAM,GAAW,IAAI,CAAC;QACtB,WAAM,GAAW,EAAE,CAAC;QACpB,WAAM,GAAW,EAAE,CAAC;QACpB,YAAO,GAAW,EAAE,CAAC;QACrB,UAAK,GAAW,EAAE,CAAC;QACnB,UAAK,GAAW,EAAE,CAAC;QACnB,WAAM,GAAW,gBAAgB,CAAC;QAClC,SAAI,GAAW,SAAS,CAAC;QAClC,OAAE,GAAW,IAAI,CAAC,KAAK,CAAC;IAGlC,CAAC;CACF;AAdD,oBAcC","sourcesContent":["import {DragonBall} from '../DragonBall';\n\n/**\n * Class to represent the dragon ball sayayin Son Goku.\n */\nexport class Goku extends DragonBall {\n  protected readonly name: string = 'Son Goku';\n  protected readonly height: number = 1.80;\n  protected readonly weigth: number = 78;\n  protected readonly attack: number = 72;\n  protected readonly defense: number = 43;\n  protected readonly speed: number = 65;\n  protected readonly maxHp: number = 80;\n  protected readonly phrase: string = 'Kame Hame Ha!!';\n  protected readonly race: string = 'Sayayin';\n  protected hp: number = this.maxHp;\n  constructor() {\n    super();\n  }\n}"]},"_coverageSchema":"1a1c01bbd47fc00a2c39e90264f33305004495a9","hash":"f2ac2cc81598b7d6946913c501c635b326fca78c","contentHash":"09626aabd939a6297b50817e8d0394350c21a2ab9590566a902812724bfaafc8"},"/home/usuario/pract06/src/ejercicio-1/DragonBall.ts":{"path":"/home/usuario/pract06/src/ejercicio-1/DragonBall.ts","statementMap":{"0":{"start":{"line":2,"column":0},"end":{"line":2,"column":62}},"1":{"start":{"line":3,"column":0},"end":{"line":3,"column":28}},"2":{"start":{"line":4,"column":18},"end":{"line":4,"column":38}},"3":{"start":{"line":13,"column":8},"end":{"line":13,"column":16}},"4":{"start":{"line":17,"column":8},"end":{"line":17,"column":35}},"5":{"start":{"line":24,"column":8},"end":{"line":24,"column":25}},"6":{"start":{"line":27,"column":0},"end":{"line":27,"column":32}}},"fnMap":{"0":{"name":"(anonymous_0)","decl":{"start":{"line":12,"column":4},"end":{"line":12,"column":5}},"loc":{"start":{"line":12,"column":18},"end":{"line":18,"column":5}},"line":12},"1":{"name":"(anonymous_1)","decl":{"start":{"line":23,"column":4},"end":{"line":23,"column":5}},"loc":{"start":{"line":23,"column":14},"end":{"line":25,"column":5}},"line":23}},"branchMap":{},"s":{"0":1,"1":1,"2":1,"3":4,"4":4,"5":1,"6":1},"f":{"0":4,"1":1},"b":{},"inputSourceMap":{"version":3,"file":"/home/usuario/pract06/src/ejercicio-1/DragonBall.ts","sources":["/home/usuario/pract06/src/ejercicio-1/DragonBall.ts"],"names":[],"mappings":";;;AAAA,uCAA4C;AAC5C;;GAEG;AACH,MAAsB,UAAW,SAAQ,iBAAO;IAS9C;;OAEG;IACH;QACE,KAAK,EAAE,CAAC;QARV;;WAEG;QACgB,aAAQ,GAAa,UAAU,CAAC;IAMnD,CAAC;IACD;;;OAGG;IACH,OAAO;QACL,OAAO,IAAI,CAAC,IAAI,CAAC;IACnB,CAAC;CACF;AAtBD,gCAsBC","sourcesContent":["import {Fighter, Universe} from './Fighter';\n/**\n * Class to represent dragon ball universe.\n */\nexport abstract class DragonBall extends Fighter {\n  /**\n   * Fighter race.\n   */\n  protected abstract readonly race: string;\n  /**\n   * Universe.\n   */\n  protected readonly universe: Universe = 'StarWars';\n  /**\n   * Constructor for the class `DragonBall`.\n   */\n  constructor() {\n    super();\n  }\n  /**\n   * Getter for the attribute `race`.\n   * @returns Returns the attribute `race`.\n   */\n  getRace() {\n    return this.race;\n  }\n}"]},"_coverageSchema":"1a1c01bbd47fc00a2c39e90264f33305004495a9","hash":"d6d790d4478da5f88280ab715a8c462e1a8b3055","contentHash":"514908593bd8314685cee79bb6b98e3d75a2a6c144e3e7b18af8369fa8ee5419"},"/home/usuario/pract06/src/ejercicio-1/DragonBall/Krilin.ts":{"path":"/home/usuario/pract06/src/ejercicio-1/DragonBall/Krilin.ts","statementMap":{"0":{"start":{"line":2,"column":0},"end":{"line":2,"column":62}},"1":{"start":{"line":3,"column":0},"end":{"line":3,"column":24}},"2":{"start":{"line":4,"column":21},"end":{"line":4,"column":45}},"3":{"start":{"line":10,"column":8},"end":{"line":10,"column":16}},"4":{"start":{"line":11,"column":8},"end":{"line":11,"column":29}},"5":{"start":{"line":12,"column":8},"end":{"line":12,"column":27}},"6":{"start":{"line":13,"column":8},"end":{"line":13,"column":25}},"7":{"start":{"line":14,"column":8},"end":{"line":14,"column":25}},"8":{"start":{"line":15,"column":8},"end":{"line":15,"column":26}},"9":{"start":{"line":16,"column":8},"end":{"line":16,"column":24}},"10":{"start":{"line":17,"column":8},"end":{"line":17,"column":24}},"11":{"start":{"line":18,"column":8},"end":{"line":18,"column":33}},"12":{"start":{"line":19,"column":8},"end":{"line":19,"column":28}},"13":{"start":{"line":20,"column":8},"end":{"line":20,"column":29}},"14":{"start":{"line":23,"column":0},"end":{"line":23,"column":24}}},"fnMap":{"0":{"name":"(anonymous_0)","decl":{"start":{"line":9,"column":4},"end":{"line":9,"column":5}},"loc":{"start":{"line":9,"column":18},"end":{"line":21,"column":5}},"line":9}},"branchMap":{},"s":{"0":1,"1":1,"2":1,"3":1,"4":1,"5":1,"6":1,"7":1,"8":1,"9":1,"10":1,"11":1,"12":1,"13":1,"14":1},"f":{"0":1},"b":{},"inputSourceMap":{"version":3,"file":"/home/usuario/pract06/src/ejercicio-1/DragonBall/Krilin.ts","sources":["/home/usuario/pract06/src/ejercicio-1/DragonBall/Krilin.ts"],"names":[],"mappings":";;;AAAA,8CAAyC;AAEzC;;GAEG;AACH,MAAa,MAAO,SAAQ,uBAAU;IAWpC;QACE,KAAK,EAAE,CAAC;QAXS,SAAI,GAAW,QAAQ,CAAC;QACxB,WAAM,GAAW,IAAI,CAAC;QACtB,WAAM,GAAW,EAAE,CAAC;QACpB,WAAM,GAAW,EAAE,CAAC;QACpB,YAAO,GAAW,EAAE,CAAC;QACrB,UAAK,GAAW,EAAE,CAAC;QACnB,UAAK,GAAW,EAAE,CAAC;QACnB,WAAM,GAAW,UAAU,CAAC;QAC5B,SAAI,GAAW,OAAO,CAAC;QAChC,OAAE,GAAW,IAAI,CAAC,KAAK,CAAC;IAGlC,CAAC;CACF;AAdD,wBAcC","sourcesContent":["import {DragonBall} from '../DragonBall';\n\n/**\n * Class to represent the dragon ball human Krilin.\n */\nexport class Krilin extends DragonBall {\n  protected readonly name: string = 'Krilin';\n  protected readonly height: number = 1.50;\n  protected readonly weigth: number = 45;\n  protected readonly attack: number = 59;\n  protected readonly defense: number = 38;\n  protected readonly speed: number = 61;\n  protected readonly maxHp: number = 55;\n  protected readonly phrase: string = 'Hi-yah!!';\n  protected readonly race: string = 'Human';\n  protected hp: number = this.maxHp;\n  constructor() {\n    super();\n  }\n}"]},"_coverageSchema":"1a1c01bbd47fc00a2c39e90264f33305004495a9","hash":"f56c97913a339518141777d59d6a5086834d289c","contentHash":"f222739b267b8b62492d95de69ebc1f81e0fd98d85b25f2fe8e307f5b019ac18"},"/home/usuario/pract06/src/ejercicio-1/StarWars/DarthVader.ts":{"path":"/home/usuario/pract06/src/ejercicio-1/StarWars/DarthVader.ts","statementMap":{"0":{"start":{"line":2,"column":0},"end":{"line":2,"column":62}},"1":{"start":{"line":3,"column":0},"end":{"line":3,"column":28}},"2":{"start":{"line":4,"column":19},"end":{"line":4,"column":41}},"3":{"start":{"line":10,"column":8},"end":{"line":10,"column":16}},"4":{"start":{"line":11,"column":8},"end":{"line":11,"column":34}},"5":{"start":{"line":12,"column":8},"end":{"line":12,"column":27}},"6":{"start":{"line":13,"column":8},"end":{"line":13,"column":25}},"7":{"start":{"line":14,"column":8},"end":{"line":14,"column":25}},"8":{"start":{"line":15,"column":8},"end":{"line":15,"column":26}},"9":{"start":{"line":16,"column":8},"end":{"line":16,"column":24}},"10":{"start":{"line":17,"column":8},"end":{"line":17,"column":24}},"11":{"start":{"line":18,"column":8},"end":{"line":18,"column":43}},"12":{"start":{"line":19,"column":8},"end":{"line":19,"column":37}},"13":{"start":{"line":20,"column":8},"end":{"line":20,"column":29}},"14":{"start":{"line":23,"column":0},"end":{"line":23,"column":32}}},"fnMap":{"0":{"name":"(anonymous_0)","decl":{"start":{"line":9,"column":4},"end":{"line":9,"column":5}},"loc":{"start":{"line":9,"column":18},"end":{"line":21,"column":5}},"line":9}},"branchMap":{},"s":{"0":1,"1":1,"2":1,"3":1,"4":1,"5":1,"6":1,"7":1,"8":1,"9":1,"10":1,"11":1,"12":1,"13":1,"14":1},"f":{"0":1},"b":{},"inputSourceMap":{"version":3,"file":"/home/usuario/pract06/src/ejercicio-1/StarWars/DarthVader.ts","sources":["/home/usuario/pract06/src/ejercicio-1/StarWars/DarthVader.ts"],"names":[],"mappings":";;;AAAA,0CAAqC;AAErC;;GAEG;AACH,MAAa,UAAW,SAAQ,mBAAQ;IAWtC;QACE,KAAK,EAAE,CAAC;QAXS,SAAI,GAAW,aAAa,CAAC;QAC7B,WAAM,GAAW,IAAI,CAAC;QACtB,WAAM,GAAW,EAAE,CAAC;QACpB,WAAM,GAAW,EAAE,CAAC;QACpB,YAAO,GAAW,EAAE,CAAC;QACrB,UAAK,GAAW,EAAE,CAAC;QACnB,UAAK,GAAW,EAAE,CAAC;QACnB,WAAM,GAAW,oBAAoB,CAAC;QACtC,oBAAe,GAAW,KAAK,CAAC;QACzC,OAAE,GAAW,IAAI,CAAC,KAAK,CAAC;IAGlC,CAAC;CACF;AAdD,gCAcC","sourcesContent":["import {StarWars} from '../StarWars';\n\n/**\n * Class to represent the star wars villian Darth Vader.\n */\nexport class DarthVader extends StarWars {\n  protected readonly name: string = 'Darth Vader';\n  protected readonly height: number = 1.78;\n  protected readonly weigth: number = 72;\n  protected readonly attack: number = 62;\n  protected readonly defense: number = 40;\n  protected readonly speed: number = 31;\n  protected readonly maxHp: number = 73;\n  protected readonly phrase: string = 'I am your father!!';\n  protected readonly lightsaberColor: string = 'red';\n  protected hp: number = this.maxHp;\n  constructor() {\n    super();\n  }\n}"]},"_coverageSchema":"1a1c01bbd47fc00a2c39e90264f33305004495a9","hash":"a987e37462845e1dc23ef61b95938d76461d23ce","contentHash":"e5ddb4cfe0ec5592d9abc95956213c25226a0757eaa6973f33d8fceeac1eca2a"},"/home/usuario/pract06/src/ejercicio-1/StarWars.ts":{"path":"/home/usuario/pract06/src/ejercicio-1/StarWars.ts","statementMap":{"0":{"start":{"line":2,"column":0},"end":{"line":2,"column":62}},"1":{"start":{"line":3,"column":0},"end":{"line":3,"column":26}},"2":{"start":{"line":4,"column":18},"end":{"line":4,"column":38}},"3":{"start":{"line":13,"column":8},"end":{"line":13,"column":16}},"4":{"start":{"line":17,"column":8},"end":{"line":17,"column":35}},"5":{"start":{"line":24,"column":8},"end":{"line":24,"column":36}},"6":{"start":{"line":27,"column":0},"end":{"line":27,"column":28}}},"fnMap":{"0":{"name":"(anonymous_0)","decl":{"start":{"line":12,"column":4},"end":{"line":12,"column":5}},"loc":{"start":{"line":12,"column":18},"end":{"line":18,"column":5}},"line":12},"1":{"name":"(anonymous_1)","decl":{"start":{"line":23,"column":4},"end":{"line":23,"column":5}},"loc":{"start":{"line":23,"column":25},"end":{"line":25,"column":5}},"line":23}},"branchMap":{},"s":{"0":1,"1":1,"2":1,"3":3,"4":3,"5":1,"6":1},"f":{"0":3,"1":1},"b":{},"inputSourceMap":{"version":3,"file":"/home/usuario/pract06/src/ejercicio-1/StarWars.ts","sources":["/home/usuario/pract06/src/ejercicio-1/StarWars.ts"],"names":[],"mappings":";;;AAAA,uCAA4C;AAC5C;;GAEG;AACH,MAAsB,QAAS,SAAQ,iBAAO;IAS5C;;OAEG;IACH;QACE,KAAK,EAAE,CAAC;QARV;;WAEG;QACgB,aAAQ,GAAa,UAAU,CAAC;IAMnD,CAAC;IACD;;;OAGG;IACH,kBAAkB;QAChB,OAAO,IAAI,CAAC,eAAe,CAAC;IAC9B,CAAC;CACF;AAtBD,4BAsBC","sourcesContent":["import {Fighter, Universe} from './Fighter';\n/**\n * Class to represent star wars universe.\n */\nexport abstract class StarWars extends Fighter {\n  /**\n   * Ligthsaber color.\n   */\n  protected abstract readonly lightsaberColor: string;\n  /**\n   * Universe.\n   */\n  protected readonly universe: Universe = 'StarWars';\n  /**\n   * Constructor for the class `StarWars`.\n   */\n  constructor() {\n    super();\n  }\n  /**\n   * Getter for the attribute `lightsaberColor`.\n   * @returns Returns the attribute `lightsaberColor`.\n   */\n  getLightsaberColor() {\n    return this.lightsaberColor;\n  }\n}"]},"_coverageSchema":"1a1c01bbd47fc00a2c39e90264f33305004495a9","hash":"affe4480f3ea5eb1fadeb69d5d185c175e914599","contentHash":"fb85cc9d3cd421cab7946e0b8d6daac5bcd8592e2ac74d922ba548fa92ccaf7d"},"/home/usuario/pract06/src/ejercicio-1/StarWars/Skywalker.ts":{"path":"/home/usuario/pract06/src/ejercicio-1/StarWars/Skywalker.ts","statementMap":{"0":{"start":{"line":2,"column":0},"end":{"line":2,"column":62}},"1":{"start":{"line":3,"column":0},"end":{"line":3,"column":27}},"2":{"start":{"line":4,"column":19},"end":{"line":4,"column":41}},"3":{"start":{"line":10,"column":8},"end":{"line":10,"column":16}},"4":{"start":{"line":11,"column":8},"end":{"line":11,"column":37}},"5":{"start":{"line":12,"column":8},"end":{"line":12,"column":27}},"6":{"start":{"line":13,"column":8},"end":{"line":13,"column":25}},"7":{"start":{"line":14,"column":8},"end":{"line":14,"column":25}},"8":{"start":{"line":15,"column":8},"end":{"line":15,"column":26}},"9":{"start":{"line":16,"column":8},"end":{"line":16,"column":24}},"10":{"start":{"line":17,"column":8},"end":{"line":17,"column":24}},"11":{"start":{"line":18,"column":8},"end":{"line":18,"column":40}},"12":{"start":{"line":19,"column":8},"end":{"line":19,"column":39}},"13":{"start":{"line":20,"column":8},"end":{"line":20,"column":29}},"14":{"start":{"line":23,"column":0},"end":{"line":23,"column":30}}},"fnMap":{"0":{"name":"(anonymous_0)","decl":{"start":{"line":9,"column":4},"end":{"line":9,"column":5}},"loc":{"start":{"line":9,"column":18},"end":{"line":21,"column":5}},"line":9}},"branchMap":{},"s":{"0":1,"1":1,"2":1,"3":2,"4":2,"5":2,"6":2,"7":2,"8":2,"9":2,"10":2,"11":2,"12":2,"13":2,"14":1},"f":{"0":2},"b":{},"inputSourceMap":{"version":3,"file":"/home/usuario/pract06/src/ejercicio-1/StarWars/Skywalker.ts","sources":["/home/usuario/pract06/src/ejercicio-1/StarWars/Skywalker.ts"],"names":[],"mappings":";;;AAAA,0CAAqC;AAErC;;GAEG;AACH,MAAa,SAAU,SAAQ,mBAAQ;IAWrC;QACE,KAAK,EAAE,CAAC;QAXS,SAAI,GAAW,gBAAgB,CAAC;QAChC,WAAM,GAAW,IAAI,CAAC;QACtB,WAAM,GAAW,EAAE,CAAC;QACpB,WAAM,GAAW,EAAE,CAAC;QACpB,YAAO,GAAW,EAAE,CAAC;QACrB,UAAK,GAAW,EAAE,CAAC;QACnB,UAAK,GAAW,EAAE,CAAC;QACnB,WAAM,GAAW,iBAAiB,CAAC;QACnC,oBAAe,GAAW,OAAO,CAAC;QAC3C,OAAE,GAAW,IAAI,CAAC,KAAK,CAAC;IAGlC,CAAC;CACF;AAdD,8BAcC","sourcesContent":["import {StarWars} from '../StarWars';\n\n/**\n * Class to represent the star wars jedi Luke Skywalker.\n */\nexport class Skywalker extends StarWars {\n  protected readonly name: string = 'Luke Skywalker';\n  protected readonly height: number = 1.70;\n  protected readonly weigth: number = 65;\n  protected readonly attack: number = 60;\n  protected readonly defense: number = 45;\n  protected readonly speed: number = 33;\n  protected readonly maxHp: number = 70;\n  protected readonly phrase: string = 'Use the force!!';\n  protected readonly lightsaberColor: string = 'green';\n  protected hp: number = this.maxHp;\n  constructor() {\n    super();\n  }\n}"]},"_coverageSchema":"1a1c01bbd47fc00a2c39e90264f33305004495a9","hash":"11496f825a94ba405fed895453556a390a0d8161","contentHash":"c097fe7fcddd6e57acae63cb06f62e46a6606bfde5a2a17e67f76ac1b1ae130e"},"/home/usuario/pract06/src/ejercicio-1/Pokedex.ts":{"path":"/home/usuario/pract06/src/ejercicio-1/Pokedex.ts","statementMap":{"0":{"start":{"line":2,"column":0},"end":{"line":2,"column":62}},"1":{"start":{"line":3,"column":0},"end":{"line":3,"column":25}},"2":{"start":{"line":13,"column":8},"end":{"line":13,"column":33}},"3":{"start":{"line":20,"column":8},"end":{"line":20,"column":29}},"4":{"start":{"line":26,"column":8},"end":{"line":26,"column":35}},"5":{"start":{"line":33,"column":8},"end":{"line":33,"column":30}},"6":{"start":{"line":41,"column":8},"end":{"line":41,"column":65}},"7":{"start":{"line":41,"column":43},"end":{"line":41,"column":63}},"8":{"start":{"line":44,"column":0},"end":{"line":44,"column":26}}},"fnMap":{"0":{"name":"(anonymous_0)","decl":{"start":{"line":12,"column":4},"end":{"line":12,"column":5}},"loc":{"start":{"line":12,"column":26},"end":{"line":14,"column":5}},"line":12},"1":{"name":"(anonymous_1)","decl":{"start":{"line":19,"column":4},"end":{"line":19,"column":5}},"loc":{"start":{"line":19,"column":18},"end":{"line":21,"column":5}},"line":19},"2":{"name":"(anonymous_2)","decl":{"start":{"line":25,"column":4},"end":{"line":25,"column":5}},"loc":{"start":{"line":25,"column":22},"end":{"line":27,"column":5}},"line":25},"3":{"name":"(anonymous_3)","decl":{"start":{"line":32,"column":4},"end":{"line":32,"column":5}},"loc":{"start":{"line":32,"column":18},"end":{"line":34,"column":5}},"line":32},"4":{"name":"(anonymous_4)","decl":{"start":{"line":40,"column":4},"end":{"line":40,"column":5}},"loc":{"start":{"line":40,"column":23},"end":{"line":42,"column":5}},"line":40},"5":{"name":"(anonymous_5)","decl":{"start":{"line":41,"column":36},"end":{"line":41,"column":37}},"loc":{"start":{"line":41,"column":43},"end":{"line":41,"column":63}},"line":41}},"branchMap":{},"s":{"0":1,"1":1,"2":2,"3":3,"4":1,"5":1,"6":1,"7":2,"8":1},"f":{"0":2,"1":3,"2":1,"3":1,"4":1,"5":2},"b":{},"inputSourceMap":{"version":3,"file":"/home/usuario/pract06/src/ejercicio-1/Pokedex.ts","sources":["/home/usuario/pract06/src/ejercicio-1/Pokedex.ts"],"names":[],"mappings":";;;AAEA;;GAEG;AACH,MAAa,OAAO;IAClB;;;OAGG;IACH,YAAoB,QAAmB;QAAnB,aAAQ,GAAR,QAAQ,CAAW;IACvC,CAAC;IACD;;;OAGG;IACH,WAAW;QACT,OAAO,IAAI,CAAC,QAAQ,CAAC;IACvB,CAAC;IAED;;OAEG;IACH,cAAc,CAAC,CAAS;QACtB,IAAI,CAAC,QAAQ,CAAC,MAAM,CAAC,CAAC,EAAE,CAAC,CAAC,CAAC;IAC7B,CAAC;IACD;;;OAGG;IACH,UAAU,CAAC,CAAU;QACnB,IAAI,CAAC,QAAQ,CAAC,IAAI,CAAC,CAAC,CAAC,CAAC;IACxB,CAAC;IAED;;;;OAIG;IACH,YAAY,CAAC,IAAY;QACvB,OAAO,IAAI,CAAC,QAAQ,CAAC,MAAM,CAAC,CAAC,CAAU,EAAE,EAAE,CAAC,CAAC,CAAC,OAAO,EAAE,KAAK,IAAI,CAAC,CAAC;IACpE,CAAC;CACF;AArCD,0BAqCC","sourcesContent":["import {Fighter} from './Fighter';\n\n/**\n * Class to represent a pokedex.\n */\nexport class Pokedex {\n  /**\n   * Constructor for the class `Pokedex`.\n   * @param fighters Fighter array.\n   */\n  constructor(private fighters: Fighter[]) {\n  }\n  /**\n   * Getter for the attribute `fighters`.\n   * @return Returns the attribute `fighters`.\n   */\n  getFighters(): Fighter[] {\n    return this.fighters;\n  }\n\n  /**\n   * Setter for the attribute `fighters`.\n   */\n  removeFighters(i: number): void {\n    this.fighters.splice(i, 1);\n  }\n  /**\n   * Adds a fighter to the array `fighters`.\n   * @param f Fighter to add.\n   */\n  addFighter(f: Fighter): void {\n    this.fighters.push(f);\n  }\n\n  /**\n   * Search for a fighter by name.\n   * @param name Fighter name.\n   * @return Returns an array of the fighters with the name `name`.\n   */\n  searchByName(name: string): Fighter[] {\n    return this.fighters.filter((f: Fighter) => f.getName() === name);\n  }\n}\n"]},"_coverageSchema":"1a1c01bbd47fc00a2c39e90264f33305004495a9","hash":"7a4390ca0f1d0897a3334094fc98889d08d23f5f","contentHash":"33390806f534d681ac29ddcb214b757795d7bf0045d0f7035f1a5a15d51bf64d"},"/home/usuario/pract06/src/ejercicio-2/Documentary.ts":{"path":"/home/usuario/pract06/src/ejercicio-2/Documentary.ts","statementMap":{"0":{"start":{"line":2,"column":0},"end":{"line":2,"column":62}},"1":{"start":{"line":3,"column":0},"end":{"line":3,"column":29}},"2":{"start":{"line":17,"column":8},"end":{"line":17,"column":25}},"3":{"start":{"line":18,"column":8},"end":{"line":18,"column":25}},"4":{"start":{"line":19,"column":8},"end":{"line":19,"column":33}},"5":{"start":{"line":20,"column":8},"end":{"line":20,"column":25}},"6":{"start":{"line":21,"column":8},"end":{"line":21,"column":33}},"7":{"start":{"line":28,"column":8},"end":{"line":28,"column":25}},"8":{"start":{"line":35,"column":8},"end":{"line":35,"column":25}},"9":{"start":{"line":42,"column":8},"end":{"line":42,"column":29}},"10":{"start":{"line":49,"column":8},"end":{"line":49,"column":25}},"11":{"start":{"line":56,"column":8},"end":{"line":56,"column":29}},"12":{"start":{"line":59,"column":0},"end":{"line":59,"column":34}}},"fnMap":{"0":{"name":"(anonymous_0)","decl":{"start":{"line":16,"column":4},"end":{"line":16,"column":5}},"loc":{"start":{"line":16,"column":54},"end":{"line":22,"column":5}},"line":16},"1":{"name":"(anonymous_1)","decl":{"start":{"line":27,"column":4},"end":{"line":27,"column":5}},"loc":{"start":{"line":27,"column":14},"end":{"line":29,"column":5}},"line":27},"2":{"name":"(anonymous_2)","decl":{"start":{"line":34,"column":4},"end":{"line":34,"column":5}},"loc":{"start":{"line":34,"column":14},"end":{"line":36,"column":5}},"line":34},"3":{"name":"(anonymous_3)","decl":{"start":{"line":41,"column":4},"end":{"line":41,"column":5}},"loc":{"start":{"line":41,"column":18},"end":{"line":43,"column":5}},"line":41},"4":{"name":"(anonymous_4)","decl":{"start":{"line":48,"column":4},"end":{"line":48,"column":5}},"loc":{"start":{"line":48,"column":14},"end":{"line":50,"column":5}},"line":48},"5":{"name":"(anonymous_5)","decl":{"start":{"line":55,"column":4},"end":{"line":55,"column":5}},"loc":{"start":{"line":55,"column":18},"end":{"line":57,"column":5}},"line":55}},"branchMap":{},"s":{"0":1,"1":1,"2":5,"3":5,"4":5,"5":5,"6":5,"7":8,"8":3,"9":3,"10":1,"11":1,"12":1},"f":{"0":5,"1":8,"2":3,"3":3,"4":1,"5":1},"b":{},"inputSourceMap":{"version":3,"file":"/home/usuario/pract06/src/ejercicio-2/Documentary.ts","sources":["/home/usuario/pract06/src/ejercicio-2/Documentary.ts"],"names":[],"mappings":";;;AACA;;GAEG;AACH,MAAa,WAAW;IACtB;;;;;;;OAOG;IACH,YAA6B,IAAY,EAAmB,IAAY,EACzC,QAAgB,EAAmB,IAAY,EAC/C,QAAgB;QAFlB,SAAI,GAAJ,IAAI,CAAQ;QAAmB,SAAI,GAAJ,IAAI,CAAQ;QACzC,aAAQ,GAAR,QAAQ,CAAQ;QAAmB,SAAI,GAAJ,IAAI,CAAQ;QAC/C,aAAQ,GAAR,QAAQ,CAAQ;IAC/C,CAAC;IACD;;;OAGG;IACH,OAAO;QACL,OAAO,IAAI,CAAC,IAAI,CAAC;IACnB,CAAC;IACD;;;OAGG;IACH,OAAO;QACL,OAAO,IAAI,CAAC,IAAI,CAAC;IACnB,CAAC;IACD;;;OAGG;IACH,WAAW;QACT,OAAO,IAAI,CAAC,QAAQ,CAAC;IACvB,CAAC;IACD;;;OAGG;IACH,OAAO;QACL,OAAO,IAAI,CAAC,IAAI,CAAC;IACnB,CAAC;IACD;;;OAGG;IACH,WAAW;QACT,OAAO,IAAI,CAAC,QAAQ,CAAC;IACvB,CAAC;CACF;AAhDD,kCAgDC","sourcesContent":["\n/**\n * Class to represent a documentary.\n */\nexport class Documentary {\n  /**\n   * Constructor for the class `Documentary`.\n   * @param name Name.\n   * @param year Year.\n   * @param director Director.\n   * @param type Documentary type.\n   * @param duration Duration.\n   */\n  constructor(private readonly name: string, private readonly year: number,\n                private readonly director: string, private readonly type: string,\n                private readonly duration: number) {\n  }\n  /**\n   * Getter for the propiety `name`.\n   * @returns Returns `name`.\n   */\n  getName(): string {\n    return this.name;\n  }\n  /**\n   * Getter for the propiety `year`.\n   * @returns Returns `year`.\n   */\n  getYear(): number {\n    return this.year;\n  }\n  /**\n   * Getter for the propiety `director`.\n   * @returns Returns `director`.\n   */\n  getDirector(): string {\n    return this.director;\n  }\n  /**\n   * Getter for the propiety `type`.\n   * @returns Returns `type`.\n   */\n  getType(): string {\n    return this.type;\n  }\n  /**\n   * Getter for the propiety `duration`.\n   * @returns Returns `duration`.\n   */\n  getDuration(): number {\n    return this.duration;\n  }\n}"]},"_coverageSchema":"1a1c01bbd47fc00a2c39e90264f33305004495a9","hash":"d177e8a22c170ca3615b1127466dad14a93f0e29","contentHash":"60a81c5e25ba481716177937ef2fb42fec2422bf010f4bd56e24f99de4398d1e"},"/home/usuario/pract06/src/ejercicio-2/DocumentaryStreamableCollection.ts":{"path":"/home/usuario/pract06/src/ejercicio-2/DocumentaryStreamableCollection.ts","statementMap":{"0":{"start":{"line":2,"column":0},"end":{"line":2,"column":62}},"1":{"start":{"line":3,"column":0},"end":{"line":3,"column":49}},"2":{"start":{"line":4,"column":36},"end":{"line":4,"column":74}},"3":{"start":{"line":14,"column":8},"end":{"line":14,"column":37}},"4":{"start":{"line":15,"column":8},"end":{"line":15,"column":44}},"5":{"start":{"line":18,"column":0},"end":{"line":18,"column":74}}},"fnMap":{"0":{"name":"(anonymous_0)","decl":{"start":{"line":13,"column":4},"end":{"line":13,"column":5}},"loc":{"start":{"line":13,"column":39},"end":{"line":16,"column":5}},"line":13}},"branchMap":{},"s":{"0":1,"1":1,"2":1,"3":2,"4":2,"5":1},"f":{"0":2},"b":{},"inputSourceMap":{"version":3,"file":"/home/usuario/pract06/src/ejercicio-2/DocumentaryStreamableCollection.ts","sources":["/home/usuario/pract06/src/ejercicio-2/DocumentaryStreamableCollection.ts"],"names":[],"mappings":";;;AAAA,2EAAsE;AAItE;;GAEG;AACH,MAAa,+BAAgC,SAAQ,qDAAsC;IAKzF;;;OAGG;IACH,YAAY,qBAAoC;QAC9C,KAAK,CAAC,qBAAqB,CAAC,CAAC;QAC7B,IAAI,CAAC,cAAc,GAAG,aAAa,CAAC;IACtC,CAAC;CACF;AAbD,0EAaC","sourcesContent":["import {BasicStreamableCollection} from './BasicStreamableCollection';\nimport {Documentary} from './Documentary';\nimport {CollectionType} from './Streamable';\n\n/**\n * Class to represent a streamable collection of documentaries.\n */\nexport class DocumentaryStreamableCollection extends BasicStreamableCollection<Documentary> {\n  /**\n   * Collection type.\n   */\n  public readonly collectionType: CollectionType;\n  /**\n   * Constructor for the class `DocumentaryStreamableCollection`.\n   * @param documentaryCollection Documentary collection.\n   */\n  constructor(documentaryCollection: Documentary[]) {\n    super(documentaryCollection);\n    this.collectionType = 'Documentary';\n  }\n}"]},"_coverageSchema":"1a1c01bbd47fc00a2c39e90264f33305004495a9","hash":"a3f2fa8cc2f4dd1694e3b78c49b8f79094192537","contentHash":"130d7344bc9188b1f6cbe123533908f1aaf504dbc19a1ebc925ce3017057f469"},"/home/usuario/pract06/src/ejercicio-2/BasicStreamableCollection.ts":{"path":"/home/usuario/pract06/src/ejercicio-2/BasicStreamableCollection.ts","statementMap":{"0":{"start":{"line":2,"column":0},"end":{"line":2,"column":62}},"1":{"start":{"line":3,"column":0},"end":{"line":3,"column":43}},"2":{"start":{"line":13,"column":8},"end":{"line":13,"column":37}},"3":{"start":{"line":20,"column":8},"end":{"line":20,"column":31}},"4":{"start":{"line":27,"column":8},"end":{"line":27,"column":35}},"5":{"start":{"line":35,"column":8},"end":{"line":35,"column":67}},"6":{"start":{"line":35,"column":45},"end":{"line":35,"column":65}},"7":{"start":{"line":43,"column":8},"end":{"line":43,"column":67}},"8":{"start":{"line":43,"column":45},"end":{"line":43,"column":65}},"9":{"start":{"line":51,"column":8},"end":{"line":51,"column":75}},"10":{"start":{"line":51,"column":45},"end":{"line":51,"column":73}},"11":{"start":{"line":58,"column":8},"end":{"line":58,"column":38}},"12":{"start":{"line":65,"column":8},"end":{"line":65,"column":41}},"13":{"start":{"line":68,"column":0},"end":{"line":68,"column":62}}},"fnMap":{"0":{"name":"(anonymous_0)","decl":{"start":{"line":12,"column":4},"end":{"line":12,"column":5}},"loc":{"start":{"line":12,"column":28},"end":{"line":14,"column":5}},"line":12},"1":{"name":"(anonymous_1)","decl":{"start":{"line":19,"column":4},"end":{"line":19,"column":5}},"loc":{"start":{"line":19,"column":20},"end":{"line":21,"column":5}},"line":19},"2":{"name":"(anonymous_2)","decl":{"start":{"line":26,"column":4},"end":{"line":26,"column":5}},"loc":{"start":{"line":26,"column":24},"end":{"line":28,"column":5}},"line":26},"3":{"name":"(anonymous_3)","decl":{"start":{"line":34,"column":4},"end":{"line":34,"column":5}},"loc":{"start":{"line":34,"column":23},"end":{"line":36,"column":5}},"line":34},"4":{"name":"(anonymous_4)","decl":{"start":{"line":35,"column":38},"end":{"line":35,"column":39}},"loc":{"start":{"line":35,"column":45},"end":{"line":35,"column":65}},"line":35},"5":{"name":"(anonymous_5)","decl":{"start":{"line":42,"column":4},"end":{"line":42,"column":5}},"loc":{"start":{"line":42,"column":23},"end":{"line":44,"column":5}},"line":42},"6":{"name":"(anonymous_6)","decl":{"start":{"line":43,"column":38},"end":{"line":43,"column":39}},"loc":{"start":{"line":43,"column":45},"end":{"line":43,"column":65}},"line":43},"7":{"name":"(anonymous_7)","decl":{"start":{"line":50,"column":4},"end":{"line":50,"column":5}},"loc":{"start":{"line":50,"column":31},"end":{"line":52,"column":5}},"line":50},"8":{"name":"(anonymous_8)","decl":{"start":{"line":51,"column":38},"end":{"line":51,"column":39}},"loc":{"start":{"line":51,"column":45},"end":{"line":51,"column":73}},"line":51},"9":{"name":"(anonymous_9)","decl":{"start":{"line":57,"column":4},"end":{"line":57,"column":5}},"loc":{"start":{"line":57,"column":24},"end":{"line":59,"column":5}},"line":57},"10":{"name":"(anonymous_10)","decl":{"start":{"line":64,"column":4},"end":{"line":64,"column":5}},"loc":{"start":{"line":64,"column":25},"end":{"line":66,"column":5}},"line":64}},"branchMap":{},"s":{"0":1,"1":1,"2":6,"3":1,"4":3,"5":9,"6":21,"7":3,"8":6,"9":3,"10":6,"11":3,"12":3,"13":1},"f":{"0":6,"1":1,"2":3,"3":9,"4":21,"5":3,"6":6,"7":3,"8":6,"9":3,"10":3},"b":{},"inputSourceMap":{"version":3,"file":"/home/usuario/pract06/src/ejercicio-2/BasicStreamableCollection.ts","sources":["/home/usuario/pract06/src/ejercicio-2/BasicStreamableCollection.ts"],"names":[],"mappings":";;;AAKA;;GAEG;AACH,MAAsB,yBAAyB;IAK7C;;;OAGG;IACH,YAA4B,UAAe;QAAf,eAAU,GAAV,UAAU,CAAK;IAC3C,CAAC;IACD;;;OAGG;IACH,aAAa;QACX,OAAO,IAAI,CAAC,UAAU,CAAC;IACzB,CAAC;IACD;;;OAGG;IACH,iBAAiB;QACf,OAAO,IAAI,CAAC,cAAc,CAAC;IAC7B,CAAC;IACD;;;;OAIG;IACH,YAAY,CAAC,IAAY;QACvB,OAAO,IAAI,CAAC,UAAU,CAAC,MAAM,CAAC,CAAC,CAAI,EAAE,EAAE,CAAC,CAAC,CAAC,OAAO,EAAE,KAAK,IAAI,CAAC,CAAC;IAChE,CAAC;IACD;;;;OAIG;IACH,YAAY,CAAC,IAAY;QACvB,OAAO,IAAI,CAAC,UAAU,CAAC,MAAM,CAAC,CAAC,CAAI,EAAE,EAAE,CAAC,CAAC,CAAC,OAAO,EAAE,KAAK,IAAI,CAAC,CAAC;IAChE,CAAC;IACD;;;;OAIG;IACH,gBAAgB,CAAC,QAAgB;QAC/B,OAAO,IAAI,CAAC,UAAU,CAAC,MAAM,CAAC,CAAC,CAAI,EAAE,EAAE,CAAC,CAAC,CAAC,WAAW,EAAE,KAAK,QAAQ,CAAC,CAAC;IACxE,CAAC;IACD;;;OAGG;IACH,UAAU,CAAC,OAAU;QACnB,IAAI,CAAC,UAAU,CAAC,IAAI,CAAC,OAAO,CAAC,CAAC;IAChC,CAAC;IACD;;;OAGG;IACH,aAAa,CAAC,KAAa;QACzB,IAAI,CAAC,UAAU,CAAC,MAAM,CAAC,KAAK,EAAE,CAAC,CAAC,CAAC;IACnC,CAAC;CACF;AA/DD,8DA+DC","sourcesContent":["import {Documentary} from './Documentary';\nimport {Film} from './Film';\nimport {Series} from './Series';\nimport {CollectionType, Streamable} from './Streamable';\n\n/**\n * Generic abstract class for basic streamable collection.\n */\nexport abstract class BasicStreamableCollection<T extends Series | Film | Documentary> implements Streamable<T> {\n  /**\n   * Collection type.\n   */\n  abstract collectionType: CollectionType;\n  /**\n   * Constructor for the class `BasicStreamableCollection`.\n   * @param collection Basic streamable collection.\n   */\n  constructor(public readonly collection: T[]) {\n  }\n  /**\n   * Getter for the propiety `collection`.\n   * @returns Returns `collection`.\n   */\n  getCollection(): T[] {\n    return this.collection;\n  }\n  /**\n   * Getter for the propiety `collectionType`.\n   * @returns Returns `collectionType`.\n   */\n  getCollectionType(): CollectionType {\n    return this.collectionType;\n  }\n  /**\n   * Searchs a collection element by name.\n   * @param name Name.\n   * @returns Returns an array of the elements with the name `name`.\n   */\n  searchByName(name: string): T[] {\n    return this.collection.filter((f: T) => f.getName() === name);\n  }\n  /**\n   * Searchs a collection element by year.\n   * @param year Year.\n   * @returns Returns an array of the elements with the year `year`.\n   */\n  searchByYear(year: number): T[] {\n    return this.collection.filter((f: T) => f.getYear() === year);\n  }\n  /**\n   * Searchs a collection element by director.\n   * @param director Director.\n   * @returns Returns an array of the elements with the director `director`.\n   */\n  searchByDirector(director: string): T[] {\n    return this.collection.filter((f: T) => f.getDirector() === director);\n  }\n  /**\n   * Adds an element to the collection.\n   * @param element Element to add.\n   */\n  addElement(element: T): void {\n    this.collection.push(element);\n  }\n  /**\n   * Deletes an element from the collection.\n   * @param element Element to delete.\n   */\n  deleteElement(index: number): void {\n    this.collection.splice(index, 1);\n  }\n}"]},"_coverageSchema":"1a1c01bbd47fc00a2c39e90264f33305004495a9","hash":"875eafe5a2745581408dc8810aa74fbf587e93d7","contentHash":"adbc3073bd778f570b2f729b68a41ddb78ad63383b10b49da6e55b28d9e8c8c3"},"/home/usuario/pract06/src/ejercicio-2/Film.ts":{"path":"/home/usuario/pract06/src/ejercicio-2/Film.ts","statementMap":{"0":{"start":{"line":2,"column":0},"end":{"line":2,"column":62}},"1":{"start":{"line":3,"column":0},"end":{"line":3,"column":22}},"2":{"start":{"line":17,"column":8},"end":{"line":17,"column":25}},"3":{"start":{"line":18,"column":8},"end":{"line":18,"column":25}},"4":{"start":{"line":19,"column":8},"end":{"line":19,"column":33}},"5":{"start":{"line":20,"column":8},"end":{"line":20,"column":27}},"6":{"start":{"line":21,"column":8},"end":{"line":21,"column":33}},"7":{"start":{"line":28,"column":8},"end":{"line":28,"column":25}},"8":{"start":{"line":35,"column":8},"end":{"line":35,"column":25}},"9":{"start":{"line":42,"column":8},"end":{"line":42,"column":29}},"10":{"start":{"line":49,"column":8},"end":{"line":49,"column":26}},"11":{"start":{"line":56,"column":8},"end":{"line":56,"column":29}},"12":{"start":{"line":59,"column":0},"end":{"line":59,"column":20}}},"fnMap":{"0":{"name":"(anonymous_0)","decl":{"start":{"line":16,"column":4},"end":{"line":16,"column":5}},"loc":{"start":{"line":16,"column":55},"end":{"line":22,"column":5}},"line":16},"1":{"name":"(anonymous_1)","decl":{"start"
[...]
1":1,"2":2,"3":2,"4":1,"5":2,"6":2,"7":2,"8":1},"f":{"0":2,"1":1,"2":2},"b":{},"inputSourceMap":{"version":3,"file":"/home/usuario/pract06/src/ejercicioPractica08/Solver.ts","sources":["/home/usuario/pract06/src/ejercicioPractica08/Solver.ts"],"names":[],"mappings":";;;AAEA;;GAEG;AACH,MAAa,MAAM;IACjB;;;;OAIG;IACH,YAAoB,IAAc,EAAU,QAAkB;QAA1C,SAAI,GAAJ,IAAI,CAAU;QAAU,aAAQ,GAAR,QAAQ,CAAU;IAC9D,CAAC;IAED;;;OAGG;IACH,WAAW,CAAC,QAAkB;QAC5B,IAAI,CAAC,QAAQ,GAAG,QAAQ,CAAC;IAC3B,CAAC;IAED;;OAEG;IACH,KAAK;QACH,MAAM,MAAM,GAAG,IAAI,CAAC,QAAQ,CAAC,OAAO,CAAC,IAAI,CAAC,IAAI,CAAC,CAAC;QAChD,OAAO,CAAC,GAAG,CAAC,MAAM,CAAC,CAAC;QACpB,OAAO,MAAM,CAAC;IAChB,CAAC;CACF;AAzBD,wBAyBC","sourcesContent":["import {Strategy} from './Strategy';\n\n/**\n * Class to sort arrays with diferent algorithms.\n */\nexport class Solver {\n  /**\n   * Constructor for the class Solver.\n   * @param data Input array.\n   * @param strategy Algorithm to sort the array.\n   */\n  constructor(private data: number[], private strategy: Strategy) {\n  }\n\n  /**\n   * Setter for the attribute `startegy`.\n   * @param strategy New `strategy` value.\n   */\n  setStrategy(strategy: Strategy) {\n    this.strategy = strategy;\n  }\n\n  /**\n   * Delegetes the work to the strategy object.\n   */\n  logic() {\n    const result = this.strategy.execute(this.data);\n    console.log(result);\n    return result;\n  }\n}\n"]},"_coverageSchema":"1a1c01bbd47fc00a2c39e90264f33305004495a9","hash":"b9cb683557076813ffcb2ef8c121699aea969936","contentHash":"17a28cb4f2013d99fcef75514cb72e8b6700cd644649955a729d421d09aa5d64"},"/home/usuario/pract06/src/ejercicioPractica08/Strategies/Bubblesort.ts":{"path":"/home/usuario/pract06/src/ejercicioPractica08/Strategies/Bubblesort.ts","statementMap":{"0":{"start":{"line":2,"column":0},"end":{"line":2,"column":62}},"1":{"start":{"line":3,"column":0},"end":{"line":3,"column":28}},"2":{"start":{"line":14,"column":18},"end":{"line":14,"column":33}},"3":{"start":{"line":15,"column":8},"end":{"line":23,"column":9}},"4":{"start":{"line":15,"column":21},"end":{"line":15,"column":22}},"5":{"start":{"line":16,"column":12},"end":{"line":22,"column":13}},"6":{"start":{"line":16,"column":25},"end":{"line":16,"column":26}},"7":{"start":{"line":17,"column":16},"end":{"line":21,"column":17}},"8":{"start":{"line":18,"column":30},"end":{"line":18,"column":41}},"9":{"start":{"line":19,"column":20},"end":{"line":19,"column":50}},"10":{"start":{"line":20,"column":20},"end":{"line":20,"column":42}},"11":{"start":{"line":24,"column":8},"end":{"line":24,"column":24}},"12":{"start":{"line":27,"column":0},"end":{"line":27,"column":32}}},"fnMap":{"0":{"name":"(anonymous_0)","decl":{"start":{"line":13,"column":4},"end":{"line":13,"column":5}},"loc":{"start":{"line":13,"column":22},"end":{"line":25,"column":5}},"line":13}},"branchMap":{"0":{"loc":{"start":{"line":17,"column":16},"end":{"line":21,"column":17}},"type":"if","locations":[{"start":{"line":17,"column":16},"end":{"line":21,"column":17}},{"start":{"line":17,"column":16},"end":{"line":21,"column":17}}],"line":17}},"s":{"0":1,"1":1,"2":2,"3":2,"4":2,"5":6,"6":6,"7":18,"8":6,"9":6,"10":6,"11":2,"12":1},"f":{"0":2},"b":{"0":[6,12]},"inputSourceMap":{"version":3,"file":"/home/usuario/pract06/src/ejercicioPractica08/Strategies/Bubblesort.ts","sources":["/home/usuario/pract06/src/ejercicioPractica08/Strategies/Bubblesort.ts"],"names":[],"mappings":";;;AAEA;;GAEG;AACH,MAAa,UAAU;IACrB;;;;OAIG;IACH,OAAO,CAAC,QAAkB;QACxB,IAAI,GAAG,GAAG,QAAQ,CAAC,MAAM,CAAC;QAC1B,KAAK,IAAI,CAAC,GAAG,CAAC,EAAE,CAAC,GAAG,GAAG,EAAE,CAAC,EAAE,EAAE;YAC5B,KAAK,IAAI,CAAC,GAAG,CAAC,EAAE,CAAC,GAAG,GAAG,EAAE,CAAC,EAAE,EAAE;gBAC5B,IAAI,QAAQ,CAAC,CAAC,CAAC,GAAG,QAAQ,CAAC,CAAC,GAAG,CAAC,CAAC,EAAE;oBACjC,IAAI,GAAG,GAAG,QAAQ,CAAC,CAAC,CAAC,CAAC;oBACtB,QAAQ,CAAC,CAAC,CAAC,GAAG,QAAQ,CAAC,CAAC,GAAG,CAAC,CAAC,CAAC;oBAC9B,QAAQ,CAAC,CAAC,GAAG,CAAC,CAAC,GAAG,GAAG,CAAC;iBACvB;aACF;SACF;QACD,OAAO,QAAQ,CAAC;IAClB,CAAC;CACF;AAnBD,gCAmBC","sourcesContent":["import {Strategy} from '../Strategy';\n\n/**\n * Class with the Bubblesort algorithm.\n */\nexport class Bubblesort implements Strategy {\n  /**\n   * Executes the Bubblesort algorithm.\n   * @param inputArr Input array.\n   * @returns Returns the input array sorted.\n   */\n  execute(inputArr: number[]): number[] {\n    let len = inputArr.length;\n    for (let i = 0; i < len; i++) {\n      for (let j = 0; j < len; j++) {\n        if (inputArr[j] > inputArr[j + 1]) {\n          let tmp = inputArr[j];\n          inputArr[j] = inputArr[j + 1];\n          inputArr[j + 1] = tmp;\n        }\n      }\n    }\n    return inputArr;\n  }\n}"]},"_coverageSchema":"1a1c01bbd47fc00a2c39e90264f33305004495a9","hash":"3118abb89b61ac3cef5b8aacdcce3c4e8c6d6f1f","contentHash":"7980378c7896fa96dc5fb8b0ee8683aefeac0d5f88556b21ee625013bbb9e888"},"/home/usuario/pract06/src/ejercicioPractica08/Strategies/Mergesort.ts":{"path":"/home/usuario/pract06/src/ejercicioPractica08/Strategies/Mergesort.ts","statementMap":{"0":{"start":{"line":2,"column":0},"end":{"line":2,"column":62}},"1":{"start":{"line":3,"column":0},"end":{"line":3,"column":27}},"2":{"start":{"line":14,"column":21},"end":{"line":14,"column":37}},"3":{"start":{"line":15,"column":8},"end":{"line":17,"column":9}},"4":{"start":{"line":16,"column":12},"end":{"line":16,"column":25}},"5":{"start":{"line":18,"column":21},"end":{"line":18,"column":42}},"6":{"start":{"line":19,"column":8},"end":{"line":19,"column":67}},"7":{"start":{"line":28,"column":18},"end":{"line":28,"column":20}},"8":{"start":{"line":29,"column":8},"end":{"line":36,"column":9}},"9":{"start":{"line":30,"column":12},"end":{"line":35,"column":13}},"10":{"start":{"line":31,"column":16},"end":{"line":31,"column":39}},"11":{"start":{"line":34,"column":16},"end":{"line":34,"column":40}},"12":{"start":{"line":37,"column":8},"end":{"line":37,"column":43}},"13":{"start":{"line":40,"column":0},"end":{"line":40,"column":30}}},"fnMap":{"0":{"name":"(anonymous_0)","decl":{"start":{"line":13,"column":4},"end":{"line":13,"column":5}},"loc":{"start":{"line":13,"column":19},"end":{"line":20,"column":5}},"line":13},"1":{"name":"(anonymous_1)","decl":{"start":{"line":27,"column":4},"end":{"line":27,"column":5}},"loc":{"start":{"line":27,"column":23},"end":{"line":38,"column":5}},"line":27}},"branchMap":{"0":{"loc":{"start":{"line":15,"column":8},"end":{"line":17,"column":9}},"type":"if","locations":[{"start":{"line":15,"column":8},"end":{"line":17,"column":9}},{"start":{"line":15,"column":8},"end":{"line":17,"column":9}}],"line":15},"1":{"loc":{"start":{"line":29,"column":15},"end":{"line":29,"column":42}},"type":"binary-expr","locations":[{"start":{"line":29,"column":15},"end":{"line":29,"column":26}},{"start":{"line":29,"column":30},"end":{"line":29,"column":42}}],"line":29},"2":{"loc":{"start":{"line":30,"column":12},"end":{"line":35,"column":13}},"type":"if","locations":[{"start":{"line":30,"column":12},"end":{"line":35,"column":13}},{"start":{"line":30,"column":12},"end":{"line":35,"column":13}}],"line":30}},"s":{"0":1,"1":1,"2":10,"3":10,"4":6,"5":4,"6":4,"7":4,"8":4,"9":5,"10":2,"11":3,"12":4,"13":1},"f":{"0":10,"1":4},"b":{"0":[6,4],"1":[9,7],"2":[2,3]},"inputSourceMap":{"version":3,"file":"/home/usuario/pract06/src/ejercicioPractica08/Strategies/Mergesort.ts","sources":["/home/usuario/pract06/src/ejercicioPractica08/Strategies/Mergesort.ts"],"names":[],"mappings":";;;AAEA;;GAEG;AACH,MAAa,SAAS;IACpB;;;;OAIG;IACH,OAAO,CAAC,KAAe;QACrB,MAAM,IAAI,GAAW,KAAK,CAAC,MAAM,GAAG,CAAC,CAAC;QACtC,IAAI,KAAK,CAAC,MAAM,GAAG,CAAC,EAAE;YACpB,OAAO,KAAK,CAAC;SACd;QACD,MAAM,IAAI,GAAa,KAAK,CAAC,MAAM,CAAC,CAAC,EAAE,IAAI,CAAC,CAAC;QAC7C,OAAO,IAAI,CAAC,KAAK,CAAC,IAAI,CAAC,OAAO,CAAC,IAAI,CAAC,EAAE,IAAI,CAAC,OAAO,CAAC,KAAK,CAAC,CAAC,CAAC;IAC7D,CAAC;IAED;;;;;OAKG;IACK,KAAK,CAAC,IAAc,EAAE,KAAe;QAC3C,IAAI,GAAG,GAAa,EAAE,CAAC;QACvB,OAAO,IAAI,CAAC,MAAM,IAAI,KAAK,CAAC,MAAM,EAAE;YAClC,IAAI,IAAI,CAAC,CAAC,CAAC,GAAG,KAAK,CAAC,CAAC,CAAC,EAAE;gBACtB,GAAG,CAAC,IAAI,CAAC,IAAI,CAAC,KAAK,EAAY,CAAC,CAAC;aAClC;iBAAM;gBACL,GAAG,CAAC,IAAI,CAAC,KAAK,CAAC,KAAK,EAAY,CAAC,CAAC;aACnC;SACF;QACD,OAAO,CAAC,GAAG,GAAG,EAAE,GAAG,IAAI,EAAE,GAAG,KAAK,CAAC,CAAC;IACrC,CAAC;CACF;AAhCD,8BAgCC","sourcesContent":["import {Strategy} from '../Strategy';\n\n/**\n * Class with the Mergesort algorithm.\n */\nexport class Mergesort implements Strategy {\n  /**\n   * Executes the Mergesort algorithm.\n   * @param array Input array.\n   * @returns Returns the input array sorted.\n   */\n  execute(array: number[]): number[] {\n    const half: number = array.length / 2;\n    if (array.length < 2) {\n      return array;\n    }\n    const left: number[] = array.splice(0, half);\n    return this.merge(this.execute(left), this.execute(array));\n  }\n\n  /**\n   * Auxiliar method for the Mergesort algorithm.\n   * @param left Input array's left half.\n   * @param right Input array's rigth half.\n   * @returns Returns the two halves merged.\n   */\n  private merge(left: number[], right: number[]): number[] {\n    let arr: number[] = [];\n    while (left.length && right.length) {\n      if (left[0] < right[0]) {\n        arr.push(left.shift() as number);\n      } else {\n        arr.push(right.shift() as number);\n      }\n    }\n    return [...arr, ...left, ...right];\n  }\n}\n\n\n"]},"_coverageSchema":"1a1c01bbd47fc00a2c39e90264f33305004495a9","hash":"a0cffe36f8086f0b8b234ba751fd337e6184b6eb","contentHash":"a75385bfe89941f8598d3d8878b417d4953ba2dc0bdca514cb83282a7b544c4d"},"/home/usuario/pract06/src/mod/NumericPrintableCollection.ts":{"path":"/home/usuario/pract06/src/mod/NumericPrintableCollection.ts","statementMap":{"0":{"start":{"line":2,"column":0},"end":{"line":2,"column":62}},"1":{"start":{"line":3,"column":0},"end":{"line":3,"column":44}},"2":{"start":{"line":4,"column":30},"end":{"line":4,"column":62}},"3":{"start":{"line":10,"column":8},"end":{"line":10,"column":32}},"4":{"start":{"line":11,"column":8},"end":{"line":11,"column":49}},"5":{"start":{"line":18,"column":35},"end":{"line":18,"column":37}},"6":{"start":{"line":19,"column":8},"end":{"line":24,"column":11}},"7":{"start":{"line":20,"column":12},"end":{"line":20,"column":38}},"8":{"start":{"line":21,"column":12},"end":{"line":23,"column":13}},"9":{"start":{"line":22,"column":16},"end":{"line":22,"column":45}},"10":{"start":{"line":25,"column":8},"end":{"line":25,"column":36}},"11":{"start":{"line":28,"column":0},"end":{"line":28,"column":64}}},"fnMap":{"0":{"name":"(anonymous_0)","decl":{"start":{"line":9,"column":4},"end":{"line":9,"column":5}},"loc":{"start":{"line":9,"column":34},"end":{"line":12,"column":5}},"line":9},"1":{"name":"(anonymous_1)","decl":{"start":{"line":17,"column":4},"end":{"line":17,"column":5}},"loc":{"start":{"line":17,"column":12},"end":{"line":26,"column":5}},"line":17},"2":{"name":"(anonymous_2)","decl":{"start":{"line":19,"column":38},"end":{"line":19,"column":39}},"loc":{"start":{"line":19,"column":52},"end":{"line":24,"column":9}},"line":19}},"branchMap":{"0":{"loc":{"start":{"line":21,"column":12},"end":{"line":23,"column":13}},"type":"if","locations":[{"start":{"line":21,"column":12},"end":{"line":23,"column":13}},{"start":{"line":21,"column":12},"end":{"line":23,"column":13}}],"line":21}},"s":{"0":1,"1":1,"2":1,"3":2,"4":2,"5":1,"6":1,"7":3,"8":3,"9":2,"10":1,"11":1},"f":{"0":2,"1":1,"2":3},"b":{"0":[2,1]},"inputSourceMap":{"version":3,"file":"/home/usuario/pract06/src/mod/NumericPrintableCollection.ts","sources":["/home/usuario/pract06/src/mod/NumericPrintableCollection.ts"],"names":[],"mappings":";;;AAAA,+DAA0D;AAE1D;;GAEG;AACH,MAAa,0BAA2B,SAAQ,yCAA2B;IACzE,YAAoB,gBAA0B;QAC5C,KAAK,CAAC,gBAAgB,CAAC,CAAC;QADN,qBAAgB,GAAhB,gBAAgB,CAAU;IAE9C,CAAC;IACD;;;OAGG;IACH,KAAK;QACH,IAAI,oBAAoB,GAAW,EAAE,CAAC;QACtC,IAAI,CAAC,gBAAgB,CAAC,OAAO,CAAC,CAAC,CAAC,EAAE,KAAK,EAAE,EAAE;YACzC,oBAAoB,IAAI,CAAC,CAAC;YAC1B,IAAI,KAAK,GAAG,IAAI,CAAC,gBAAgB,CAAC,MAAM,GAAG,CAAC,EAAE;gBAC5C,oBAAoB,IAAI,IAAI,CAAC;aAC9B;QACH,CAAC,CAAC,CAAC;QACH,OAAO,oBAAoB,CAAC;IAC9B,CAAC;CACF;AAlBD,gEAkBC","sourcesContent":["import {PrintableCollection} from './PrintableCollection';\n\n/**\n * Class to represent numeric printable collections.\n */\nexport class NumericPrintableCollection extends PrintableCollection<number> {\n  constructor(private numberCollection: number[]) {\n    super(numberCollection);\n  }\n  /**\n   * Concatenates the numbers of `numberCollection` with `, `.\n   * @returns Returns a string with the numbers concatenated with `, `.\n   */\n  print(): string {\n    let stringRepresentation: string = '';\n    this.numberCollection.forEach((d, index) => {\n      stringRepresentation += d;\n      if (index < this.numberCollection.length - 1) {\n        stringRepresentation += ', ';\n      }\n    });\n    return stringRepresentation;\n  }\n}"]},"_coverageSchema":"1a1c01bbd47fc00a2c39e90264f33305004495a9","hash":"14eaabccf210ddb4fa618b0b3fd08fb013c65bbe","contentHash":"c1477a70fafa9bb1f2170c5438addd3e6aecebd3c28d205b948c86be1394aec0"},"/home/usuario/pract06/src/mod/PrintableCollection.ts":{"path":"/home/usuario/pract06/src/mod/PrintableCollection.ts","statementMap":{"0":{"start":{"line":2,"column":0},"end":{"line":2,"column":62}},"1":{"start":{"line":3,"column":0},"end":{"line":3,"column":37}},"2":{"start":{"line":9,"column":8},"end":{"line":9,"column":37}},"3":{"start":{"line":16,"column":8},"end":{"line":16,"column":38}},"4":{"start":{"line":23,"column":8},"end":{"line":23,"column":38}},"5":{"start":{"line":30,"column":8},"end":{"line":30,"column":41}},"6":{"start":{"line":36,"column":8},"end":{"line":36,"column":38}},"7":{"start":{"line":39,"column":0},"end":{"line":39,"column":50}}},"fnMap":{"0":{"name":"(anonymous_0)","decl":{"start":{"line":8,"column":4},"end":{"line":8,"column":5}},"loc":{"start":{"line":8,"column":28},"end":{"line":10,"column":5}},"line":8},"1":{"name":"(anonymous_1)","decl":{"start":{"line":15,"column":4},"end":{"line":15,"column":5}},"loc":{"start":{"line":15,"column":21},"end":{"line":17,"column":5}},"line":15},"2":{"name":"(anonymous_2)","decl":{"start":{"line":22,"column":4},"end":{"line":22,"column":5}},"loc":{"start":{"line":22,"column":19},"end":{"line":24,"column":5}},"line":22},"3":{"name":"(anonymous_3)","decl":{"start":{"line":29,"column":4},"end":{"line":29,"column":5}},"loc":{"start":{"line":29,"column":22},"end":{"line":31,"column":5}},"line":29},"4":{"name":"(anonymous_4)","decl":{"start":{"line":35,"column":4},"end":{"line":35,"column":5}},"loc":{"start":{"line":35,"column":23},"end":{"line":37,"column":5}},"line":35}},"branchMap":{},"s":{"0":1,"1":1,"2":4,"3":2,"4":4,"5":2,"6":6,"7":1},"f":{"0":4,"1":2,"2":4,"3":2,"4":6},"b":{},"inputSourceMap":{"version":3,"file":"/home/usuario/pract06/src/mod/PrintableCollection.ts","sources":["/home/usuario/pract06/src/mod/PrintableCollection.ts"],"names":[],"mappings":";;;AAGA;;GAEG;AACH,MAAsB,mBAAmB;IACvC,YAAsB,UAAe;QAAf,eAAU,GAAV,UAAU,CAAK;IAAG,CAAC;IACzC;;;OAGG;IACH,OAAO,CAAC,OAAU;QAChB,IAAI,CAAC,UAAU,CAAC,IAAI,CAAC,OAAO,CAAC,CAAC;IAChC,CAAC;IACD;;;OAGG;IACH,OAAO,CAAC,KAAa;QACnB,OAAO,IAAI,CAAC,UAAU,CAAC,KAAK,CAAC,CAAC;IAChC,CAAC;IACD;;;OAGG;IACH,UAAU,CAAC,KAAa;QACtB,IAAI,CAAC,UAAU,CAAC,MAAM,CAAC,KAAK,EAAE,CAAC,CAAC,CAAC;IACnC,CAAC;IACD;;OAEG;IACH,gBAAgB;QACd,OAAO,IAAI,CAAC,UAAU,CAAC,MAAM,CAAC;IAChC,CAAC;CAKF;AAjCD,kDAiCC","sourcesContent":["import {Collectable} from './Collectable';\nimport {Printable} from './Printable';\n\n/**\n * Generic class for printable collections of objects.\n */\nexport abstract class PrintableCollection<T> implements Collectable<T>, Printable<T> {\n  constructor(protected collection: T[]) {}\n  /**\n   * Adds an object to `collection`.\n   * @param newItem Item to add.\n   */\n  addItem(newItem: T) {\n    this.collection.push(newItem);\n  }\n  /**\n   * Gets an object from `collection`.\n   * @param index Index of the object to get from `collection`.\n   */\n  getItem(index: number) {\n    return this.collection[index];\n  }\n  /**\n   * Removes an object from `collection`.\n   * @param index Index of the object to remove from `collection`.\n   */\n  removeItem(index: number) {\n    this.collection.splice(index, 1);\n  }\n  /**\n   * Get the number of objects from `collection`.\n   */\n  getNumberOfItems() {\n    return this.collection.length;\n  }\n  /**\n   * Prints the object collection.\n   */\n  abstract print(): void;\n}"]},"_coverageSchema":"1a1c01bbd47fc00a2c39e90264f33305004495a9","hash":"15c5e5d70f72834df192f9b2cb355c794226e2a7","contentHash":"c223c26e60d34ca93edaf3538d80820e2b628033a5f1a962f69aff54096d2272"},"/home/usuario/pract06/src/mod/StringPrintableCollection.ts":{"path":"/home/usuario/pract06/src/mod/StringPrintableCollection.ts","statementMap":{"0":{"start":{"line":2,"column":0},"end":{"line":2,"column":62}},"1":{"start":{"line":3,"column":0},"end":{"line":3,"column":43}},"2":{"start":{"line":4,"column":30},"end":{"line":4,"column":62}},"3":{"start":{"line":10,"column":8},"end":{"line":10,"column":32}},"4":{"start":{"line":11,"column":8},"end":{"line":11,"column":49}},"5":{"start":{"line":18,"column":34},"end":{"line":18,"column":36}},"6":{"start":{"line":19,"column":8},"end":{"line":24,"column":11}},"7":{"start":{"line":20,"column":12},"end":{"line":20,"column":37}},"8":{"start":{"line":21,"column":12},"end":{"line":23,"column":13}},"9":{"start":{"line":22,"column":16},"end":{"line":22,"column":44}},"10":{"start":{"line":25,"column":8},"end":{"line":25,"column":35}},"11":{"start":{"line":28,"column":0},"end":{"line":28,"column":62}}},"fnMap":{"0":{"name":"(anonymous_0)","decl":{"start":{"line":9,"column":4},"end":{"line":9,"column":5}},"loc":{"start":{"line":9,"column":34},"end":{"line":12,"column":5}},"line":9},"1":{"name":"(anonymous_1)","decl":{"start":{"line":17,"column":4},"end":{"line":17,"column":5}},"loc":{"start":{"line":17,"column":12},"end":{"line":26,"column":5}},"line":17},"2":{"name":"(anonymous_2)","decl":{"start":{"line":19,"column":38},"end":{"line":19,"column":39}},"loc":{"start":{"line":19,"column":52},"end":{"line":24,"column":9}},"line":19}},"branchMap":{"0":{"loc":{"start":{"line":21,"column":12},"end":{"line":23,"column":13}},"type":"if","locations":[{"start":{"line":21,"column":12},"end":{"line":23,"column":13}},{"start":{"line":21,"column":12},"end":{"line":23,"column":13}}],"line":21}},"s":{"0":1,"1":1,"2":1,"3":2,"4":2,"5":1,"6":1,"7":3,"8":3,"9":2,"10":1,"11":1},"f":{"0":2,"1":1,"2":3},"b":{"0":[2,1]},"inputSourceMap":{"version":3,"file":"/home/usuario/pract06/src/mod/StringPrintableCollection.ts","sources":["/home/usuario/pract06/src/mod/StringPrintableCollection.ts"],"names":[],"mappings":";;;AAAA,+DAA0D;AAE1D;;GAEG;AACH,MAAa,yBAA0B,SAAQ,yCAA2B;IACxE,YAAoB,gBAA0B;QAC5C,KAAK,CAAC,gBAAgB,CAAC,CAAC;QADN,qBAAgB,GAAhB,gBAAgB,CAAU;IAE9C,CAAC;IACD;;;OAGG;IACH,KAAK;QACH,IAAI,mBAAmB,GAAW,EAAE,CAAC;QACrC,IAAI,CAAC,gBAAgB,CAAC,OAAO,CAAC,CAAC,CAAC,EAAE,KAAK,EAAE,EAAE;YACzC,mBAAmB,IAAI,CAAC,CAAC;YACzB,IAAI,KAAK,GAAG,IAAI,CAAC,gBAAgB,CAAC,MAAM,GAAG,CAAC,EAAE;gBAC5C,mBAAmB,IAAI,IAAI,CAAC;aAC7B;QACH,CAAC,CAAC,CAAC;QACH,OAAO,mBAAmB,CAAC;IAC7B,CAAC;CACF;AAlBD,8DAkBC","sourcesContent":["import {PrintableCollection} from './PrintableCollection';\n\n/**\n * Class to represent string printable collections.\n */\nexport class StringPrintableCollection extends PrintableCollection<string> {\n  constructor(private stringCollection: string[]) {\n    super(stringCollection);\n  }\n  /**\n   * Concatenates the strings of `stringCollection` with `, `.\n   * @returns Returns a string with the strings concatenated with `, `.\n   */\n  print(): string {\n    let stringConcatenation: string = '';\n    this.stringCollection.forEach((s, index) => {\n      stringConcatenation += s;\n      if (index < this.stringCollection.length - 1) {\n        stringConcatenation += ', ';\n      }\n    });\n    return stringConcatenation;\n  }\n}"]},"_coverageSchema":"1a1c01bbd47fc00a2c39e90264f33305004495a9","hash":"6eb25abf92d7146cacb9f6cd2c5272265d3f29a4","contentHash":"4077bb20de24df92359b42e568b723d55629cb4601c539edd51d23832ae8d965"}}