TN:
SF:src/ejercicio-1/Combat.ts
FN:12,(anonymous_0)
FN:19,(anonymous_1)
FN:26,(anonymous_2)
FN:32,(anonymous_3)
FN:64,(anonymous_4)
FN:95,(anonymous_5)
FNF:6
FNH:6
FNDA:12,(anonymous_0)
FNDA:1,(anonymous_1)
FNDA:1,(anonymous_2)
FNDA:11,(anonymous_3)
FNDA:20,(anonymous_4)
FNDA:31,(anonymous_5)
DA:6,1
DA:12,12
DA:13,12
DA:20,1
DA:27,1
DA:33,11
DA:34,11
DA:35,11
DA:36,11
DA:37,11
DA:38,13
DA:39,13
DA:40,13
DA:41,13
DA:42,13
DA:43,13
DA:44,7
DA:45,7
DA:46,7
DA:47,7
DA:48,7
DA:51,11
DA:52,6
DA:54,5
DA:65,20
DA:66,20
DA:72,4
DA:73,4
DA:84,8
DA:85,8
DA:87,8
DA:89,20
DA:96,31
DA:97,5
DA:99,26
DA:101,31
DA:102,6
DA:104,25
LF:38
LH:38
BRDA:37,0,0,24
BRDA:37,0,1,19
BRDA:43,1,0,7
BRDA:43,1,1,6
BRDA:51,2,0,6
BRDA:51,2,1,5
BRDA:66,3,0,1
BRDA:66,3,1,2
BRDA:66,3,2,4
BRDA:66,3,3,4
BRDA:66,3,4,4
BRDA:66,3,5,1
BRDA:66,3,6,2
BRDA:66,3,7,3
BRDA:66,3,8,3
BRDA:66,3,9,3
BRDA:66,3,10,4
BRDA:66,3,11,6
BRDA:66,3,12,8
BRDA:66,3,13,8
BRDA:66,3,14,8
BRDA:66,3,15,8
BRDA:96,4,0,5
BRDA:96,4,1,26
BRDA:101,5,0,6
BRDA:101,5,1,25
BRF:26
BRH:26
end_of_record
TN:
SF:src/ejercicio-1/DC.ts
FN:18,(anonymous_0)
FN:25,(anonymous_1)
FNF:2
FNH:2
FNDA:4,(anonymous_0)
FNDA:1,(anonymous_1)
DA:1,1
DA:6,1
DA:14,4
DA:19,4
DA:26,1
LF:5
LH:5
BRF:0
BRH:0
end_of_record
TN:
SF:src/ejercicio-1/DragonBall.ts
FN:17,(anonymous_0)
FN:24,(anonymous_1)
FNF:2
FNH:2
FNDA:4,(anonymous_0)
FNDA:1,(anonymous_1)
DA:1,1
DA:5,1
DA:13,4
DA:18,4
DA:25,1
LF:5
LH:5
BRF:0
BRH:0
end_of_record
TN:
SF:src/ejercicio-1/Fighter.ts
FN:54,(anonymous_0)
FN:61,(anonymous_1)
FN:68,(anonymous_2)
FN:75,(anonymous_3)
FN:82,(anonymous_4)
FN:89,(anonymous_5)
FN:96,(anonymous_6)
FN:103,(anonymous_7)
FN:110,(anonymous_8)
FN:117,(anonymous_9)
FN:123,(anonymous_10)
FN:130,(anonymous_11)
FN:136,(anonymous_12)
FNF:13
FNH:13
FNDA:137,(anonymous_0)
FNDA:1,(anonymous_1)
FNDA:1,(anonymous_2)
FNDA:20,(anonymous_3)
FNDA:20,(anonymous_4)
FNDA:1,(anonymous_5)
FNDA:1,(anonymous_6)
FNDA:40,(anonymous_7)
FNDA:222,(anonymous_8)
FNDA:20,(anonymous_9)
FNDA:140,(anonymous_10)
FNDA:1,(anonymous_11)
FNDA:20,(anonymous_12)
DA:9,1
DA:55,137
DA:62,1
DA:69,1
DA:76,20
DA:83,20
DA:90,1
DA:97,1
DA:104,40
DA:111,222
DA:118,20
DA:124,140
DA:131,1
DA:137,20
LF:14
LH:14
BRF:0
BRH:0
end_of_record
TN:
SF:src/ejercicio-1/Marvel.ts
FN:18,(anonymous_0)
FN:25,(anonymous_1)
FNF:2
FNH:2
FNDA:3,(anonymous_0)
FNDA:1,(anonymous_1)
DA:1,1
DA:6,1
DA:14,3
DA:19,3
DA:26,1
LF:5
LH:5
BRF:0
BRH:0
end_of_record
TN:
SF:src/ejercicio-1/Pokedex.ts
FN:11,(anonymous_0)
FN:17,(anonymous_1)
FN:24,(anonymous_2)
FN:31,(anonymous_3)
FN:40,(anonymous_4)
FN:41,(anonymous_5)
FNF:6
FNH:6
FNDA:2,(anonymous_0)
FNDA:3,(anonymous_1)
FNDA:1,(anonymous_2)
FNDA:1,(anonymous_3)
FNDA:1,(anonymous_4)
FNDA:2,(anonymous_5)
DA:6,1
DA:11,2
DA:18,3
DA:25,1
DA:32,1
DA:41,2
LF:6
LH:6
BRF:0
BRH:0
end_of_record
TN:
SF:src/ejercicio-1/Pokemon.ts
FN:23,(anonymous_0)
FN:30,(anonymous_1)
FNF:2
FNH:2
FNDA:5,(anonymous_0)
FNDA:1,(anonymous_1)
DA:1,1
DA:11,1
DA:19,5
DA:24,5
DA:31,1
LF:5
LH:5
BRF:0
BRH:0
end_of_record
TN:
SF:src/ejercicio-1/StarWars.ts
FN:17,(anonymous_0)
FN:24,(anonymous_1)
FNF:2
FNH:2
FNDA:3,(anonymous_0)
FNDA:1,(anonymous_1)
DA:1,1
DA:5,1
DA:13,3
DA:18,3
DA:25,1
LF:5
LH:5
BRF:0
BRH:0
end_of_record
TN:
SF:src/ejercicio-1/DC/Batman.ts
FN:17,(anonymous_0)
FNF:1
FNH:1
FNDA:3,(anonymous_0)
DA:1,1
DA:6,1
DA:7,3
DA:8,3
DA:9,3
DA:10,3
DA:11,3
DA:12,3
DA:13,3
DA:14,3
DA:15,3
DA:16,3
DA:18,3
LF:13
LH:13
BRF:0
BRH:0
end_of_record
TN:
SF:src/ejercicio-1/DC/Superman.ts
FN:17,(anonymous_0)
FNF:1
FNH:1
FNDA:1,(anonymous_0)
DA:1,1
DA:6,1
DA:7,1
DA:8,1
DA:9,1
DA:10,1
DA:11,1
DA:12,1
DA:13,1
DA:14,1
DA:15,1
DA:16,1
DA:18,1
LF:13
LH:13
BRF:0
BRH:0
end_of_record
TN:
SF:src/ejercicio-1/DragonBall/Goku.ts
FN:17,(anonymous_0)
FNF:1
FNH:1
FNDA:3,(anonymous_0)
DA:1,1
DA:6,1
DA:7,3
DA:8,3
DA:9,3
DA:10,3
DA:11,3
DA:12,3
DA:13,3
DA:14,3
DA:15,3
DA:16,3
DA:18,3
LF:13
LH:13
BRF:0
BRH:0
end_of_record
TN:
SF:src/ejercicio-1/DragonBall/Krilin.ts
FN:17,(anonymous_0)
FNF:1
FNH:1
FNDA:1,(anonymous_0)
DA:1,1
DA:6,1
DA:7,1
DA:8,1
DA:9,1
DA:10,1
DA:11,1
DA:12,1
DA:13,1
DA:14,1
DA:15,1
DA:16,1
DA:18,1
LF:13
LH:13
BRF:0
BRH:0
end_of_record
TN:
SF:src/ejercicio-1/Marvel/Hulk.ts
FN:17,(anonymous_0)
FNF:1
FNH:1
FNDA:1,(anonymous_0)
DA:1,1
DA:6,1
DA:7,1
DA:8,1
DA:9,1
DA:10,1
DA:11,1
DA:12,1
DA:13,1
DA:14,1
DA:15,1
DA:16,1
DA:18,1
LF:13
LH:13
BRF:0
BRH:0
end_of_record
TN:
SF:src/ejercicio-1/Marvel/Spiderman.ts
FN:17,(anonymous_0)
FNF:1
FNH:1
FNDA:2,(anonymous_0)
DA:1,1
DA:6,1
DA:7,2
DA:8,2
DA:9,2
DA:10,2
DA:11,2
DA:12,2
DA:13,2
DA:14,2
DA:15,2
DA:16,2
DA:18,2
LF:13
LH:13
BRF:0
BRH:0
end_of_record
TN:
SF:src/ejercicio-1/Pokemon/Charmander.ts
FN:17,(anonymous_0)
FNF:1
FNH:1
FNDA:4,(anonymous_0)
DA:1,1
DA:6,1
DA:7,4
DA:8,4
DA:9,4
DA:10,4
DA:11,4
DA:12,4
DA:13,4
DA:14,4
DA:15,4
DA:16,4
DA:18,4
LF:13
LH:13
BRF:0
BRH:0
end_of_record
TN:
SF:src/ejercicio-1/Pokemon/Pikachu.ts
FN:17,(anonymous_0)
FNF:1
FNH:1
FNDA:1,(anonymous_0)
DA:1,1
DA:6,1
DA:7,1
DA:8,1
DA:9,1
DA:10,1
DA:11,1
DA:12,1
DA:13,1
DA:14,1
DA:15,1
DA:16,1
DA:18,1
LF:13
LH:13
BRF:0
BRH:0
end_of_record
TN:
SF:src/ejercicio-1/StarWars/DarthVader.ts
FN:17,(anonymous_0)
FNF:1
FNH:1
FNDA:1,(anonymous_0)
DA:1,1
DA:6,1
DA:7,1
DA:8,1
DA:9,1
DA:10,1
DA:11,1
DA:12,1
DA:13,1
DA:14,1
DA:15,1
DA:16,1
DA:18,1
LF:13
LH:13
BRF:0
BRH:0
end_of_record
TN:
SF:src/ejercicio-1/StarWars/Skywalker.ts
FN:17,(anonymous_0)
FNF:1
FNH:1
FNDA:2,(anonymous_0)
DA:1,1
DA:6,1
DA:7,2
DA:8,2
DA:9,2
DA:10,2
DA:11,2
DA:12,2
DA:13,2
DA:14,2
DA:15,2
DA:16,2
DA:18,2
LF:13
LH:13
BRF:0
BRH:0
end_of_record
TN:
SF:src/ejercicio-2/BasicStreamableCollection.ts
FN:18,(anonymous_0)
FN:24,(anonymous_1)
FN:31,(anonymous_2)
FN:39,(anonymous_3)
FN:40,(anonymous_4)
FN:47,(anonymous_5)
FN:48,(anonymous_6)
FN:55,(anonymous_7)
FN:56,(anonymous_8)
FN:62,(anonymous_9)
FN:69,(anonymous_10)
FNF:11
FNH:11
FNDA:6,(anonymous_0)
FNDA:1,(anonymous_1)
FNDA:3,(anonymous_2)
FNDA:9,(anonymous_3)
FNDA:21,(anonymous_4)
FNDA:3,(anonymous_5)
FNDA:6,(anonymous_6)
FNDA:3,(anonymous_7)
FNDA:6,(anonymous_8)
FNDA:3,(anonymous_9)
FNDA:3,(anonymous_10)
DA:9,1
DA:18,6
DA:25,1
DA:32,3
DA:40,21
DA:48,6
DA:56,6
DA:63,3
DA:70,3
LF:9
LH:9
BRF:0
BRH:0
end_of_record
TN:
SF:src/ejercicio-2/Documentary.ts
FN:14,(anonymous_0)
FN:22,(anonymous_1)
FN:29,(anonymous_2)
FN:36,(anonymous_3)
FN:43,(anonymous_4)
FN:50,(anonymous_5)
FNF:6
FNH:6
FNDA:5,(anonymous_0)
FNDA:8,(anonymous_1)
FNDA:3,(anonymous_2)
FNDA:3,(anonymous_3)
FNDA:1,(anonymous_4)
FNDA:1,(anonymous_5)
DA:5,1
DA:14,5
DA:15,5
DA:16,5
DA:23,8
DA:30,3
DA:37,3
DA:44,1
DA:51,1
LF:9
LH:9
BRF:0
BRH:0
end_of_record
TN:
SF:src/ejercicio-2/DocumentaryStreamableCollection.ts
FN:17,(anonymous_0)
FNF:1
FNH:1
FNDA:2,(anonymous_0)
DA:1,1
DA:8,1
DA:18,2
DA:19,2
LF:4
LH:4
BRF:0
BRH:0
end_of_record
TN:
SF:src/ejercicio-2/Film.ts
FN:14,(anonymous_0)
FN:22,(anonymous_1)
FN:29,(anonymous_2)
FN:36,(anonymous_3)
FN:43,(anonymous_4)
FN:50,(anonymous_5)
FNF:6
FNH:6
FNDA:5,(anonymous_0)
FNDA:8,(anonymous_1)
FNDA:3,(anonymous_2)
FNDA:3,(anonymous_3)
FNDA:1,(anonymous_4)
FNDA:1,(anonymous_5)
DA:5,1
DA:14,5
DA:15,5
DA:16,5
DA:23,8
DA:30,3
DA:37,3
DA:44,1
DA:51,1
LF:9
LH:9
BRF:0
BRH:0
end_of_record
TN:
SF:src/ejercicio-2/FilmStreamableCollection.ts
FN:17,(anonymous_0)
FNF:1
FNH:1
FNDA:2,(anonymous_0)
DA:1,1
DA:8,1
DA:18,2
DA:19,2
LF:4
LH:4
BRF:0
BRH:0
end_of_record
TN:
SF:src/ejercicio-2/Series.ts
FN:14,(anonymous_0)
FN:22,(anonymous_1)
FN:29,(anonymous_2)
FN:36,(anonymous_3)
FN:43,(anonymous_4)
FN:50,(anonymous_5)
FNF:6
FNH:6
FNDA:5,(anonymous_0)
FNDA:8,(anonymous_1)
FNDA:3,(anonymous_2)
FNDA:3,(anonymous_3)
FNDA:1,(anonymous_4)
FNDA:1,(anonymous_5)
DA:5,1
DA:14,5
DA:15,5
DA:16,5
DA:23,8
DA:30,3
DA:37,3
DA:44,1
DA:51,1
LF:9
LH:9
BRF:0
BRH:0
end_of_record
TN:
SF:src/ejercicio-2/SeriesStreamableCollection.ts
FN:17,(anonymous_0)
FNF:1
FNH:1
FNDA:2,(anonymous_0)
DA:1,1
DA:8,1
DA:18,2
DA:19,2
LF:4
LH:4
BRF:0
BRH:0
end_of_record
TN:
SF:src/ejercicio-3/Cifrado.ts
FN:11,(anonymous_0)
FN:16,(anonymous_1)
FN:23,(anonymous_2)
FN:34,(anonymous_3)
FN:41,(anonymous_4)
FN:51,(anonymous_5)
FN:65,(anonymous_6)
FN:83,(anonymous_7)
FNF:8
FNH:8
FNDA:2,(anonymous_0)
FNDA:3,(anonymous_1)
FNDA:2,(anonymous_2)
FNDA:3,(anonymous_3)
FNDA:2,(anonymous_4)
FNDA:8,(anonymous_5)
FNDA:2,(anonymous_6)
FNDA:2,(anonymous_7)
DA:5,1
DA:11,2
DA:17,3
DA:24,2
DA:25,2
DA:26,2
DA:27,1
DA:35,3
DA:42,2
DA:43,1
DA:52,8
DA:53,8
DA:54,41
DA:56,4
DA:66,2
DA:67,1
DA:70,1
DA:71,9
DA:72,9
DA:73,9
DA:75,1
DA:84,2
DA:85,1
DA:89,1
DA:90,9
DA:91,9
DA:92,9
DA:93,9
DA:94,9
DA:96,1
LF:30
LH:30
BRDA:26,0,0,1
BRDA:26,0,1,1
BRDA:42,1,0,1
BRDA:42,1,1,1
BRDA:54,2,0,4
BRDA:54,2,1,37
BRDA:66,3,0,1
BRDA:66,3,1,1
BRDA:84,4,0,1
BRDA:84,4,1,1
BRDA:93,5,0,3
BRDA:93,5,1,6
BRF:12
BRH:12
end_of_record
TN:
SF:src/ejercicioPractica07/PrimeNumber.ts
FN:18,(anonymous_0)
FN:25,(anonymous_1)
FN:36,(anonymous_2)
FN:45,(anonymous_3)
FN:57,(anonymous_4)
FN:64,(anonymous_5)
FN:74,(anonymous_6)
FN:83,(anonymous_7)
FNF:8
FNH:8
FNDA:1,(anonymous_0)
FNDA:4,(anonymous_1)
FNDA:1,(anonymous_2)
FNDA:5,(anonymous_3)
FNDA:1,(anonymous_4)
FNDA:4,(anonymous_5)
FNDA:1,(anonymous_6)
FNDA:21,(anonymous_7)
DA:5,1
DA:19,1
DA:26,4
DA:27,1
DA:29,4
DA:37,1
DA:38,1
DA:39,1
DA:40,10
DA:41,5
DA:42,5
DA:45,1
DA:46,5
DA:48,1
DA:58,1
DA:59,1
DA:60,11
DA:61,4
DA:64,1
DA:65,4
DA:67,1
DA:75,1
DA:84,21
DA:85,28
DA:86,12
DA:89,9
LF:26
LH:26
BRDA:18,0,0,1
BRDA:26,1,0,1
BRDA:26,1,1,3
BRDA:40,2,0,5
BRDA:40,2,1,5
BRDA:60,3,0,4
BRDA:60,3,1,7
BRDA:85,4,0,12
BRDA:85,4,1,16
BRF:9
BRH:9
end_of_record
TN:
SF:src/ejercicioPractica08/Solver.ts
FN:12,(anonymous_0)
FN:19,(anonymous_1)
FN:26,(anonymous_2)
FNF:3
FNH:3
FNDA:2,(anonymous_0)
FNDA:1,(anonymous_1)
FNDA:2,(anonymous_2)
DA:6,1
DA:12,2
DA:20,1
DA:27,2
DA:28,2
DA:29,2
LF:6
LH:6
BRF:0
BRH:0
end_of_record
TN:
SF:src/ejercicioPractica08/Strategies/Bubblesort.ts
FN:12,(anonymous_0)
FNF:1
FNH:1
FNDA:2,(anonymous_0)
DA:6,1
DA:13,2
DA:14,2
DA:15,6
DA:16,18
DA:17,6
DA:18,6
DA:19,6
DA:23,2
LF:9
LH:9
BRDA:16,0,0,6
BRDA:16,0,1,12
BRF:2
BRH:2
end_of_record
TN:
SF:src/ejercicioPractica08/Strategies/Mergesort.ts
FN:12,(anonymous_0)
FN:27,(anonymous_1)
FNF:2
FNH:2
FNDA:10,(anonymous_0)
FNDA:4,(anonymous_1)
DA:6,1
DA:13,10
DA:14,10
DA:15,6
DA:17,4
DA:18,4
DA:28,4
DA:29,4
DA:30,5
DA:31,2
DA:33,3
DA:36,4
LF:12
LH:12
BRDA:14,0,0,6
BRDA:14,0,1,4
BRDA:29,1,0,9
BRDA:29,1,1,7
BRDA:30,2,0,2
BRDA:30,2,1,3
BRF:6
BRH:6
end_of_record
TN:
SF:src/mod/NumericPrintableCollection.ts
FN:7,(anonymous_0)
FN:14,(anonymous_1)
FN:16,(anonymous_2)
FNF:3
FNH:3
FNDA:2,(anonymous_0)
FNDA:1,(anonymous_1)
FNDA:3,(anonymous_2)
DA:1,1
DA:6,1
DA:7,2
DA:8,2
DA:15,1
DA:16,1
DA:17,3
DA:18,3
DA:19,2
DA:22,1
LF:10
LH:10
BRDA:18,0,0,2
BRDA:18,0,1,1
BRF:2
BRH:2
end_of_record
TN:
SF:src/mod/PrintableCollection.ts
FN:8,(anonymous_0)
FN:13,(anonymous_1)
FN:20,(anonymous_2)
FN:27,(anonymous_3)
FN:33,(anonymous_4)
FNF:5
FNH:5
FNDA:4,(anonymous_0)
FNDA:2,(anonymous_1)
FNDA:4,(anonymous_2)
FNDA:2,(anonymous_3)
FNDA:6,(anonymous_4)
DA:7,1
DA:8,4
DA:14,2
DA:21,4
DA:28,2
DA:34,6
LF:6
LH:6
BRF:0
BRH:0
end_of_record
TN:
SF:src/mod/StringPrintableCollection.ts
FN:7,(anonymous_0)
FN:14,(anonymous_1)
FN:16,(anonymous_2)
FNF:3
FNH:3
FNDA:2,(anonymous_0)
FNDA:1,(anonymous_1)
FNDA:3,(anonymous_2)
DA:1,1
DA:6,1
DA:7,2
DA:8,2
DA:15,1
DA:16,1
DA:17,3
DA:18,3
DA:19,2
DA:22,1
LF:10
LH:10
BRDA:18,0,0,2
BRDA:18,0,1,1
BRF:2
BRH:2
end_of_record
